#
# A fatal error has been detected by the Java Runtime Environment:
#
#  EXCEPTION_ACCESS_VIOLATION (0xc0000005) at pc=0x00007fff9413c9b8, pid=47044, tid=40936
#
# JRE version: OpenJDK Runtime Environment Temurin-17.0.8.1+1 (17.0.8.1+1) (build 17.0.8.1+1)
# Java VM: OpenJDK 64-Bit Server VM Temurin-17.0.8.1+1 (17.0.8.1+1, mixed mode, tiered, compressed oops, compressed class ptrs, parallel gc, windows-amd64)
# Problematic frame:
# V  [jvm.dll+0xc9b8]
#
# No core dump will be written. Minidumps are not enabled by default on client versions of Windows
#
# If you would like to submit a bug report, please visit:
#   https://github.com/adoptium/adoptium-support/issues
#

---------------  S U M M A R Y ------------

Command Line: --add-modules=ALL-SYSTEM --add-opens=java.base/java.util=ALL-UNNAMED --add-opens=java.base/java.lang=ALL-UNNAMED --add-opens=java.base/sun.nio.fs=ALL-UNNAMED -Declipse.application=org.eclipse.jdt.ls.core.id1 -Dosgi.bundles.defaultStartLevel=4 -Declipse.product=org.eclipse.jdt.ls.core.product -Djava.import.generatesMetadataFilesAtProjectRoot=false -DDetectVMInstallationsJob.disabled=true -Dfile.encoding=utf8 -XX:+UseParallelGC -XX:GCTimeRatio=4 -XX:AdaptiveSizePolicyWeight=90 -Dsun.zip.disableMemoryMapping=true -Xmx1G -Xms100m -Xlog:disable -javaagent:c:\Users\CJ\.vscode\extensions\redhat.java-1.24.0-win32-x64\lombok\lombok-1.18.30.jar -XX:+HeapDumpOnOutOfMemoryError -XX:HeapDumpPath=c:\Users\CJ\AppData\Roaming\Code\User\workspaceStorage\1ed45042d1a757a1370293669bec6a51\redhat.java -Daether.dependencyCollector.impl=bf c:\Users\CJ\.vscode\extensions\redhat.java-1.24.0-win32-x64\server\plugins\org.eclipse.equinox.launcher_1.6.500.v20230717-2134.jar -configuration c:\Users\CJ\AppData\Roaming\Code\User\globalStorage\redhat.java\1.24.0\config_win -data c:\Users\CJ\AppData\Roaming\Code\User\workspaceStorage\1ed45042d1a757a1370293669bec6a51\redhat.java\jdt_ws --stdio

Host: AMD Ryzen 7 3800X 8-Core Processor             , 16 cores, 31G,  Windows 10 , 64 bit Build 19041 (10.0.19041.3636)
Time: Sat Dec  2 16:27:51 2023 Eastern Standard Time elapsed time: 12.400232 seconds (0d 0h 0m 12s)

---------------  T H R E A D  ---------------

Current thread (0x00000194f8db42f0):  GCTaskThread "GC Thread#1" [stack: 0x0000003a72a00000,0x0000003a72b00000] [id=40936]

Stack: [0x0000003a72a00000,0x0000003a72b00000],  sp=0x0000003a72aff448,  free space=1021k
Native frames: (J=compiled Java code, j=interpreted, Vv=VM code, C=native code)
V  [jvm.dll+0xc9b8]


siginfo: EXCEPTION_ACCESS_VIOLATION (0xc0000005), reading address 0x0000000085208528


Register to memory mapping:

RIP=0x00007fff9413c9b8 jvm.dll
RAX=0x0000000000000001 is an unknown value
RBX=0x00000000c147f9a8 is pointing into object: [C 
{0x00000000c1479198} - klass: {type array char}
 - length: 31228
RCX=0x0000000000000003 is an unknown value
RDX=0x00000000c147f9a8 is pointing into object: [C 
{0x00000000c1479198} - klass: {type array char}
 - length: 31228
RSP=0x0000003a72aff448 points into unknown readable memory: 0x00007fff947dc2b2 | b2 c2 7d 94 ff 7f 00 00
RBP=0x0000003a72aff550 points into unknown readable memory: 0x00007fff94ae1de8 | e8 1d ae 94 ff 7f 00 00
RSI=0x00000000c1799690 is an oop: org.eclipse.jdt.internal.core.ClassFile 
{0x00000000c1799690} - klass: 'org/eclipse/jdt/internal/core/ClassFile'
 - ---- fields (total size 4 words):
 - private 'parent' 'Lorg/eclipse/jdt/internal/core/JavaElement;' @12  a 'org/eclipse/jdt/internal/core/JarPackageFragment'{0x00000000c14ff9a8} (c14ff9a8)
 - private 'project' 'Lorg/eclipse/jdt/internal/core/JavaProject;' @16  a 'org/eclipse/jdt/internal/core/JavaProject'{0x00000000c12ee3e8} (c12ee3e8)
 - protected 'name' 'Ljava/lang/String;' @20  "ScrollGestureRecognizer$TouchPointTracker"{0x00000000c16b1a18} (c16b1a18)
 - protected 'binaryType' 'Lorg/eclipse/jdt/internal/core/BinaryType;' @24  NULL (0)
 - private 'externalAnnotationBase' 'Lorg/eclipse/core/runtime/IPath;' @28  NULL (0)
RDI=0x00000194f6c00920 points into unknown readable memory: 0x00000194f1a8e0c0 | c0 e0 a8 f1 94 01 00 00
R8 =0x0000000085208520 is an unknown value
R9 =0x000000000000a3fc is an unknown value
R10=0x0000000000000197 is an unknown value
R11=0x0000000000000003 is an unknown value
R12=0x0 is NULL
R13=0x0000003a72aff6c0 points into unknown readable memory: 0x00007fff94ae27e0 | e0 27 ae 94 ff 7f 00 00
R14=0x000000010032fe28 is pointing into metadata
R15=0x00000000c1799670 is an oop: org.eclipse.jdt.internal.core.ClassFile 
{0x00000000c1799670} - klass: 'org/eclipse/jdt/internal/core/ClassFile'
 - ---- fields (total size 4 words):
 - private 'parent' 'Lorg/eclipse/jdt/internal/core/JavaElement;' @12  
[error occurred during error reporting (printing register info), id 0xc0000005, EXCEPTION_ACCESS_VIOLATION (0xc0000005) at pc=0x00007fff94794ff3]

Registers:
RAX=0x0000000000000001, RBX=0x00000000c147f9a8, RCX=0x0000000000000003, RDX=0x00000000c147f9a8
RSP=0x0000003a72aff448, RBP=0x0000003a72aff550, RSI=0x00000000c1799690, RDI=0x00000194f6c00920
R8 =0x0000000085208520, R9 =0x000000000000a3fc, R10=0x0000000000000197, R11=0x0000000000000003
R12=0x0000000000000000, R13=0x0000003a72aff6c0, R14=0x000000010032fe28, R15=0x00000000c1799670
RIP=0x00007fff9413c9b8, EFLAGS=0x0000000000010202

Top of Stack: (sp=0x0000003a72aff448)
0x0000003a72aff448:   00007fff947dc2b2 00000000c16b19b0
0x0000003a72aff458:   0000000000000005 0000003a72aff550
0x0000003a72aff468:   00007fff947db0f9 00000194f6c00920
0x0000003a72aff478:   00007fff947d9b92 00000000c147f9a8
0x0000003a72aff488:   0000000100348000 00000000c07378f0
0x0000003a72aff498:   00007fff947dae3f 000000010032fe20
0x0000003a72aff4a8:   00007fff947da40e 00000000c179967c
0x0000003a72aff4b8:   00007fff947db96e 00000000c1799490
0x0000003a72aff4c8:   00000000c1799488 00007fff94c477a0
0x0000003a72aff4d8:   00007fff94a4cbc0 00000000000019a6
0x0000003a72aff4e8:   00007fff947dbca9 00007fff94ae1de8
0x0000003a72aff4f8:   00000194f6c00920 0000003a72aff559
0x0000003a72aff508:   000000000000195f 0000000000000000
0x0000003a72aff518:   0000000000000000 0000000000000000
0x0000003a72aff528:   0000000000000000 0000000000000000
0x0000003a72aff538:   0000000000000000 00000194f92ca550 

Instructions: (pc=0x00007fff9413c9b8)
0x00007fff9413c8b8:   48 83 c4 20 5e c3 cc cc 48 8b 01 c3 cc cc cc cc
0x00007fff9413c8c8:   cc cc cc cc cc cc cc cc 4c 8b 01 4c 8b c9 48 8b
0x00007fff9413c8d8:   0d a3 14 b5 00 ba 44 60 08 00 e9 d9 f1 ff ff cc
0x00007fff9413c8e8:   cc cc cc cc cc cc cc cc 48 89 5c 24 08 57 48 83
0x00007fff9413c8f8:   ec 20 48 8b 39 48 8b d9 48 85 3d a1 f6 b9 00 75
0x00007fff9413c908:   0e 48 8b c7 48 8b 5c 24 30 48 83 c4 20 5f c3 48
0x00007fff9413c918:   8b cf e8 81 a2 85 00 48 8b d0 48 85 c0 74 20 48
0x00007fff9413c928:   8b c7 f0 48 0f b1 13 74 16 48 85 05 70 f6 b9 00
0x00007fff9413c938:   74 0d 48 8b c8 f0 48 0f b1 13 48 3b c1 75 ea 48
0x00007fff9413c948:   8b 5c 24 30 48 8b c2 48 83 c4 20 5f c3 cc cc cc
0x00007fff9413c958:   cc cc cc cc cc cc cc cc 4c 8b 01 4c 8b c9 48 8b
0x00007fff9413c968:   0d 13 14 b5 00 ba 64 60 08 00 e9 49 f1 ff ff cc
0x00007fff9413c978:   cc cc cc cc cc cc cc cc 8b 05 82 59 af 00 c3 cc
0x00007fff9413c988:   cc cc cc cc cc cc cc cc 0f b6 05 e7 1c b6 00 48
0x00007fff9413c998:   8b d1 84 c0 74 16 44 8b 41 08 8b 0d 60 59 af 00
0x00007fff9413c9a8:   49 d3 e0 4c 03 05 4e 59 af 00 eb 04 4c 8b 41 08
0x00007fff9413c9b8:   45 8b 50 08 45 85 d2 7e 0e 41 f6 c2 01 75 53 41
0x00007fff9413c9c8:   c1 fa 03 41 8b c2 c3 79 49 84 c0 b9 10 00 00 00
0x00007fff9413c9d8:   8b 05 66 68 af 00 41 b8 0c 00 00 00 41 0f 45 c8
0x00007fff9413c9e8:   ff c8 4c 63 c8 48 63 14 11 41 8b ca 83 e1 3f 48
0x00007fff9413c9f8:   d3 e2 41 8b ca 48 c1 f9 10 0f b6 c1 49 8d 0c 11
0x00007fff9413ca08:   49 f7 d1 48 03 c1 49 c1 e9 03 48 c1 e8 03 41 23
0x00007fff9413ca18:   c1 c3 49 8b 00 49 8b c8 48 ff a0 00 01 00 00 cc
0x00007fff9413ca28:   cc cc cc cc cc cc cc cc 8b 44 24 30 45 03 c9 44
0x00007fff9413ca38:   2b 4c 24 28 83 c0 0b 44 03 ca 45 03 c8 41 03 c1
0x00007fff9413ca48:   c3 cc cc cc cc cc cc cc 4c 8b ca 48 8b d1 45 8b
0x00007fff9413ca58:   41 08 45 85 c0 7e 0e 41 f6 c0 01 75 56 41 c1 f8
0x00007fff9413ca68:   03 41 8b c0 c3 79 4c 80 3d 08 1c b6 00 00 b8 0c
0x00007fff9413ca78:   00 00 00 b9 10 00 00 00 0f 45 c8 8b 05 bb 67 af
0x00007fff9413ca88:   00 ff c8 4c 63 c8 48 63 14 11 41 8b c8 83 e1 3f
0x00007fff9413ca98:   48 d3 e2 41 8b c8 48 c1 f9 10 0f b6 c1 49 8d 0c
0x00007fff9413caa8:   11 49 f7 d1 48 03 c1 49 c1 e9 03 48 c1 e8 03 41 


Stack slot to memory mapping:
stack at sp + 0 slots: 0x00007fff947dc2b2 jvm.dll
stack at sp + 1 slots: 0x00000000c16b19b0 is an oop: [B 
{0x00000000c16b19b0} - klass: {type array byte}
 - length: 24
stack at sp + 2 slots: 0x0000000000000005 is an unknown value
stack at sp + 3 slots: 0x0000003a72aff550 points into unknown readable memory: 0x00007fff94ae1de8 | e8 1d ae 94 ff 7f 00 00
stack at sp + 4 slots: 0x00007fff947db0f9 jvm.dll
stack at sp + 5 slots: 0x00000194f6c00920 points into unknown readable memory: 0x00000194f1a8e0c0 | c0 e0 a8 f1 94 01 00 00
stack at sp + 6 slots: 0x00007fff947d9b92 jvm.dll
stack at sp + 7 slots: 0x00000000c147f9a8 is pointing into object: [C 
{0x00000000c1479198} - klass: {type array char}
 - length: 31228


---------------  P R O C E S S  ---------------

Threads class SMR info:
_java_thread_list=0x00000194fe7f3470, length=50, elements={
0x00000194ddc439d0, 0x00000194ddcfd950, 0x00000194f1aa4280, 0x00000194f6caaa00,
0x00000194f6cab590, 0x00000194f6cac120, 0x00000194f6cafa10, 0x00000194f6cdb420,
0x00000194f6d3dbf0, 0x00000194f6d508a0, 0x00000194f6e50d90, 0x00000194f8d5db30,
0x00000194f9743030, 0x00000194f96d96f0, 0x00000194f99ab0b0, 0x00000194f9d82a40,
0x00000194f92ca550, 0x00000194f9147bb0, 0x00000194f92cd2e0, 0x00000194f92cd7f0,
0x00000194f92cb990, 0x00000194f92caf70, 0x00000194f9fd2ab0, 0x00000194f9834b00,
0x00000194f97ed860, 0x00000194fa0a8090, 0x00000194f92cbea0, 0x00000194fae519b0,
0x00000194f92cb480, 0x00000194f92cc3b0, 0x00000194f92ccdd0, 0x00000194fb122fa0,
0x00000194fb3fb8d0, 0x00000194fb126240, 0x00000194fb124e00, 0x00000194fb127680,
0x00000194fb121650, 0x00000194fb123ed0, 0x00000194fb125310, 0x00000194fb122a90,
0x00000194fb1243e0, 0x00000194fb125820, 0x00000194fb1280a0, 0x00000194fb127170,
0x00000194fb121140, 0x00000194fb120c30, 0x00000194fb3fe350, 0x00000194fb3fce10,
0x00000194fb3fe8a0, 0x00000194fb125d30
}

Java Threads: ( => current thread )
  0x00000194ddc439d0 JavaThread "main" [_thread_blocked, id=34476, stack(0x0000003a71600000,0x0000003a71700000)]
  0x00000194ddcfd950 JavaThread "Reference Handler" daemon [_thread_blocked, id=40360, stack(0x0000003a71900000,0x0000003a71a00000)]
  0x00000194f1aa4280 JavaThread "Finalizer" daemon [_thread_blocked, id=49012, stack(0x0000003a71a00000,0x0000003a71b00000)]
  0x00000194f6caaa00 JavaThread "Signal Dispatcher" daemon [_thread_blocked, id=34096, stack(0x0000003a71b00000,0x0000003a71c00000)]
  0x00000194f6cab590 JavaThread "Attach Listener" daemon [_thread_blocked, id=12608, stack(0x0000003a71c00000,0x0000003a71d00000)]
  0x00000194f6cac120 JavaThread "Service Thread" daemon [_thread_blocked, id=52528, stack(0x0000003a71d00000,0x0000003a71e00000)]
  0x00000194f6cafa10 JavaThread "Monitor Deflation Thread" daemon [_thread_blocked, id=11488, stack(0x0000003a71e00000,0x0000003a71f00000)]
  0x00000194f6cdb420 JavaThread "C2 CompilerThread0" daemon [_thread_in_native, id=54180, stack(0x0000003a71f00000,0x0000003a72000000)]
  0x00000194f6d3dbf0 JavaThread "C1 CompilerThread0" daemon [_thread_blocked, id=25236, stack(0x0000003a72000000,0x0000003a72100000)]
  0x00000194f6d508a0 JavaThread "Sweeper thread" daemon [_thread_blocked, id=54640, stack(0x0000003a72100000,0x0000003a72200000)]
  0x00000194f6e50d90 JavaThread "Common-Cleaner" daemon [_thread_blocked, id=27276, stack(0x0000003a72200000,0x0000003a72300000)]
  0x00000194f8d5db30 JavaThread "Notification Thread" daemon [_thread_blocked, id=50312, stack(0x0000003a72700000,0x0000003a72800000)]
  0x00000194f9743030 JavaThread "Active Thread: Equinox Container: e3f1f89b-b730-4e3d-bcf8-aeac71b419be" [_thread_blocked, id=34124, stack(0x0000003a72f00000,0x0000003a73000000)]
  0x00000194f96d96f0 JavaThread "Framework Event Dispatcher: Equinox Container: e3f1f89b-b730-4e3d-bcf8-aeac71b419be" daemon [_thread_blocked, id=42912, stack(0x0000003a72300000,0x0000003a72400000)]
  0x00000194f99ab0b0 JavaThread "Start Level: Equinox Container: e3f1f89b-b730-4e3d-bcf8-aeac71b419be" daemon [_thread_blocked, id=48332, stack(0x0000003a72400000,0x0000003a72500000)]
  0x00000194f9d82a40 JavaThread "Bundle File Closer" daemon [_thread_blocked, id=52876, stack(0x0000003a73000000,0x0000003a73100000)]
  0x00000194f92ca550 JavaThread "SCR Component Actor" daemon [_thread_blocked, id=50072, stack(0x0000003a72500000,0x0000003a72600000)]
  0x00000194f9147bb0 JavaThread "C1 CompilerThread1" daemon [_thread_blocked, id=48824, stack(0x0000003a73100000,0x0000003a73200000)]
  0x00000194f92cd2e0 JavaThread "SCR Component Registry" daemon [_thread_blocked, id=54292, stack(0x0000003a73400000,0x0000003a73500000)]
  0x00000194f92cd7f0 JavaThread "Worker-JM" [_thread_blocked, id=53892, stack(0x0000003a73500000,0x0000003a73600000)]
  0x00000194f92cb990 JavaThread "Worker-0" [_thread_blocked, id=36196, stack(0x0000003a73800000,0x0000003a73900000)]
  0x00000194f92caf70 JavaThread "Worker-1" [_thread_blocked, id=20736, stack(0x0000003a73900000,0x0000003a73a00000)]
  0x00000194f9fd2ab0 JavaThread "C1 CompilerThread2" daemon [_thread_blocked, id=41744, stack(0x0000003a73a00000,0x0000003a73b00000)]
  0x00000194f9834b00 JavaThread "C1 CompilerThread3" daemon [_thread_blocked, id=45848, stack(0x0000003a73b00000,0x0000003a73c00000)]
  0x00000194f97ed860 JavaThread "C2 CompilerThread1" daemon [_thread_in_native, id=17624, stack(0x0000003a73c00000,0x0000003a73d00000)]
  0x00000194fa0a8090 JavaThread "C2 CompilerThread2" daemon [_thread_in_native, id=51860, stack(0x0000003a73e00000,0x0000003a73f00000)]
  0x00000194f92cbea0 JavaThread "Java indexing" daemon [_thread_blocked, id=54144, stack(0x0000003a73f00000,0x0000003a74000000)]
  0x00000194fae519b0 JavaThread "C2 CompilerThread3" daemon [_thread_blocked, id=26336, stack(0x0000003a74000000,0x0000003a74100000)]
  0x00000194f92cb480 JavaThread "JNA Cleaner" daemon [_thread_blocked, id=44208, stack(0x0000003a74100000,0x0000003a74200000)]
  0x00000194f92cc3b0 JavaThread "pool-2-thread-1" [_thread_blocked, id=45708, stack(0x0000003a74400000,0x0000003a74500000)]
  0x00000194f92ccdd0 JavaThread "WorkspaceEventsHandler" [_thread_blocked, id=29084, stack(0x0000003a74500000,0x0000003a74600000)]
  0x00000194fb122fa0 JavaThread "pool-1-thread-1" [_thread_in_native, id=47996, stack(0x0000003a74600000,0x0000003a74700000)]
  0x00000194fb3fb8d0 JavaThread "C2 CompilerThread4" daemon [_thread_blocked, id=51148, stack(0x0000003a74700000,0x0000003a74800000)]
  0x00000194fb126240 JavaThread "Worker-2" [_thread_blocked, id=53260, stack(0x0000003a74b00000,0x0000003a74c00000)]
  0x00000194fb124e00 JavaThread "Worker-3: Publish Diagnostics" [_thread_blocked, id=16812, stack(0x0000003a74c00000,0x0000003a74d00000)]
  0x00000194fb127680 JavaThread "Keep-Alive-Timer" daemon [_thread_blocked, id=39168, stack(0x0000003a74d00000,0x0000003a74e00000)]
  0x00000194fb121650 JavaThread "ForkJoinPool.commonPool-worker-1" daemon [_thread_blocked, id=52244, stack(0x0000003a74800000,0x0000003a74900000)]
  0x00000194fb123ed0 JavaThread "ForkJoinPool.commonPool-worker-2" daemon [_thread_blocked, id=31932, stack(0x0000003a74900000,0x0000003a74a00000)]
  0x00000194fb125310 JavaThread "ForkJoinPool.commonPool-worker-3" daemon [_thread_blocked, id=54812, stack(0x0000003a74e00000,0x0000003a74f00000)]
  0x00000194fb122a90 JavaThread "ForkJoinPool.commonPool-worker-4" daemon [_thread_blocked, id=48036, stack(0x0000003a74f00000,0x0000003a75000000)]
  0x00000194fb1243e0 JavaThread "ForkJoinPool.commonPool-worker-5" daemon [_thread_blocked, id=43896, stack(0x0000003a75000000,0x0000003a75100000)]
  0x00000194fb125820 JavaThread "ForkJoinPool.commonPool-worker-6" daemon [_thread_blocked, id=9372, stack(0x0000003a75100000,0x0000003a75200000)]
  0x00000194fb1280a0 JavaThread "ForkJoinPool.commonPool-worker-7" daemon [_thread_blocked, id=52436, stack(0x0000003a75200000,0x0000003a75300000)]
  0x00000194fb127170 JavaThread "ForkJoinPool.commonPool-worker-8" daemon [_thread_blocked, id=35232, stack(0x0000003a75300000,0x0000003a75400000)]
  0x00000194fb121140 JavaThread "ForkJoinPool.commonPool-worker-9" daemon [_thread_blocked, id=47288, stack(0x0000003a75400000,0x0000003a75500000)]
  0x00000194fb120c30 JavaThread "ForkJoinPool.commonPool-worker-10" daemon [_thread_blocked, id=52420, stack(0x0000003a75500000,0x0000003a75600000)]
  0x00000194fb3fe350 JavaThread "C2 CompilerThread5" daemon [_thread_blocked, id=47960, stack(0x0000003a75600000,0x0000003a75700000)]
  0x00000194fb3fce10 JavaThread "C2 CompilerThread6" daemon [_thread_blocked, id=35796, stack(0x0000003a75700000,0x0000003a75800000)]
  0x00000194fb3fe8a0 JavaThread "C2 CompilerThread7" daemon [_thread_blocked, id=48808, stack(0x0000003a75800000,0x0000003a75900000)]
  0x00000194fb125d30 JavaThread "Thread-3" daemon [_thread_blocked, id=32284, stack(0x0000003a75900000,0x0000003a75a00000)]

Other Threads:
  0x00000194ddccbff0 VMThread "VM Thread" [stack: 0x0000003a71800000,0x0000003a71900000] [id=30276]
  0x00000194f8d61f90 WatcherThread [stack: 0x0000003a72800000,0x0000003a72900000] [id=32868]
  0x00000194ddc562a0 GCTaskThread "GC Thread#0" [stack: 0x0000003a71700000,0x0000003a71800000] [id=40488]
=>0x00000194f8db42f0 GCTaskThread "GC Thread#1" [stack: 0x0000003a72a00000,0x0000003a72b00000] [id=40936]
  0x00000194f8daedb0 GCTaskThread "GC Thread#2" [stack: 0x0000003a72b00000,0x0000003a72c00000] [id=54344]
  0x00000194f8daf070 GCTaskThread "GC Thread#3" [stack: 0x0000003a72c00000,0x0000003a72d00000] [id=41832]
  0x00000194f8daf330 GCTaskThread "GC Thread#4" [stack: 0x0000003a72d00000,0x0000003a72e00000] [id=11444]
  0x00000194f9023fb0 GCTaskThread "GC Thread#5" [stack: 0x0000003a72e00000,0x0000003a72f00000] [id=55144]
  0x00000194f9694fc0 GCTaskThread "GC Thread#6" [stack: 0x0000003a72600000,0x0000003a72700000] [id=54136]
  0x00000194f9a67940 GCTaskThread "GC Thread#7" [stack: 0x0000003a72900000,0x0000003a72a00000] [id=52172]
  0x00000194f913d6a0 GCTaskThread "GC Thread#8" [stack: 0x0000003a73200000,0x0000003a73300000] [id=11232]
  0x00000194f92c1730 GCTaskThread "GC Thread#9" [stack: 0x0000003a73300000,0x0000003a73400000] [id=52468]
  0x00000194f9c25720 GCTaskThread "GC Thread#10" [stack: 0x0000003a73600000,0x0000003a73700000] [id=47948]
  0x00000194f947d130 GCTaskThread "GC Thread#11" [stack: 0x0000003a73700000,0x0000003a73800000] [id=26580]
  0x00000194fa002ba0 GCTaskThread "GC Thread#12" [stack: 0x0000003a73d00000,0x0000003a73e00000] [id=33524]

Threads with active compile tasks:
C2 CompilerThread0    12422 7620       4       org.eclipse.jdt.internal.compiler.lookup.BinaryTypeBinding::createMethod (1717 bytes)
C1 CompilerThread0    12422 8503       3       com.google.gson.stream.JsonReader::endArray (90 bytes)
C1 CompilerThread1    12422 8506       3       org.eclipse.core.runtime.Path::getFileExtension (42 bytes)
C1 CompilerThread2    12422 8505       3       com.google.gson.internal.bind.ArrayTypeAdapter::read (133 bytes)
C1 CompilerThread3    12422 8504       3       com.google.gson.stream.JsonReader::beginArray (82 bytes)
C2 CompilerThread1    12422 8383 %     4       org.lombokweb.asm.ClassReader::readCode @ 92 (5117 bytes)
C2 CompilerThread2    12422 7727       4       org.eclipse.jdt.internal.core.JavaElement::getElementInfo (27 bytes)
C2 CompilerThread3    12422 8480  s    4       java.util.Hashtable::putAll (52 bytes)
C2 CompilerThread4    12422 8379       4       lombok.launch.PatchFixesHider$PatchFixes::isBlockedVisitorAndGenerated (59 bytes)
C2 CompilerThread5    12422 8392       4       org.eclipse.jdt.core.dom.ASTNode::accept (40 bytes)
C2 CompilerThread6    12422 8380       4       org.eclipse.jdt.core.dom.ASTNode::acceptChild (11 bytes)
C2 CompilerThread7    12422 8409       4       com.sun.crypto.provider.AESCrypt::implDecryptBlock (3852 bytes)

VM state: at safepoint (normal execution)

VM Mutex/Monitor currently owned by a thread:  ([mutex/lock_event])
[0x00000194ddc3e340] Threads_lock - owner thread: 0x00000194ddccbff0
[0x00000194ddc3dda0] Heap_lock - owner thread: 0x00000194fb125d30

Heap address: 0x00000000c0000000, size: 1024 MB, Compressed Oops mode: 32-bit

CDS archive(s) not mapped
Compressed class space mapped at: 0x0000000100000000-0x0000000140000000, reserved size: 1073741824
Narrow klass base: 0x0000000000000000, Narrow klass shift: 3, Narrow klass range: 0x140000000

GC Precious Log:
 CPUs: 16 total, 16 available
 Memory: 32716M
 Large Page Support: Disabled
 NUMA Support: Disabled
 Compressed Oops: Enabled (32-bit)
 Alignments: Space 512K, Generation 512K, Heap 2M
 Heap Min Capacity: 100M
 Heap Initial Capacity: 100M
 Heap Max Capacity: 1G
 Pre-touch: Disabled
 Parallel Workers: 13

Heap:
 PSYoungGen      total 20480K, used 20093K [0x00000000eab00000, 0x00000000ec300000, 0x0000000100000000)
  eden space 18432K, 100% used [0x00000000eab00000,0x00000000ebd00000,0x00000000ebd00000)
  from space 2048K, 81% used [0x00000000ec100000,0x00000000ec29f610,0x00000000ec300000)
  to   space 2048K, 0% used [0x00000000ebf00000,0x00000000ebf00000,0x00000000ec100000)
 ParOldGen       total 79872K, used 76268K [0x00000000c0000000, 0x00000000c4e00000, 0x00000000eab00000)
  object space 79872K, 95% used [0x00000000c0000000,0x00000000c4a7b190,0x00000000c4e00000)
 Metaspace       used 71856K, committed 73024K, reserved 1179648K
  class space    used 7726K, committed 8256K, reserved 1048576K

Card table byte_map: [0x00000194dd5e0000,0x00000194dd7f0000] _byte_map_base: 0x00000194dcfe0000

Marking Bits: (ParMarkBitMap*) 0x00007fff94cb83a0
 Begin Bits: [0x00000194ef8c0000, 0x00000194f08c0000)
 End Bits:   [0x00000194f08c0000, 0x00000194f18c0000)

Polling page: 0x00000194dbbf0000

Metaspace:

Usage:
  Non-class:     62.63 MB used.
      Class:      7.55 MB used.
       Both:     70.17 MB used.

Virtual space:
  Non-class space:      128.00 MB reserved,      63.25 MB ( 49%) committed,  2 nodes.
      Class space:        1.00 GB reserved,       8.06 MB ( <1%) committed,  1 nodes.
             Both:        1.12 GB reserved,      71.31 MB (  6%) committed. 

Chunk freelists:
   Non-Class:  15.81 MB
       Class:  7.98 MB
        Both:  23.79 MB

MaxMetaspaceSize: unlimited
CompressedClassSpaceSize: 1.00 GB
Initial GC threshold: 21.00 MB
Current GC threshold: 97.31 MB
CDS: off
MetaspaceReclaimPolicy: balanced
 - commit_granule_bytes: 65536.
 - commit_granule_words: 8192.
 - virtual_space_node_default_size: 8388608.
 - enlarge_chunks_in_place: 1.
 - new_chunks_are_fully_committed: 0.
 - uncommit_free_chunks: 1.
 - use_allocation_guard: 0.
 - handle_deallocations: 1.


Internal statistics:

num_allocs_failed_limit: 9.
num_arena_births: 650.
num_arena_deaths: 14.
num_vsnodes_births: 3.
num_vsnodes_deaths: 0.
num_space_committed: 1141.
num_space_uncommitted: 0.
num_chunks_returned_to_freelist: 23.
num_chunks_taken_from_freelist: 3258.
num_chunk_merges: 10.
num_chunk_splits: 2138.
num_chunks_enlarged: 1407.
num_inconsistent_stats: 0.

CodeHeap 'non-profiled nmethods': size=119168Kb used=4193Kb max_used=4242Kb free=114974Kb
 bounds [0x00000194e8460000, 0x00000194e8890000, 0x00000194ef8c0000]
CodeHeap 'profiled nmethods': size=119104Kb used=15918Kb max_used=15918Kb free=103185Kb
 bounds [0x00000194e08c0000, 0x00000194e1850000, 0x00000194e7d10000]
CodeHeap 'non-nmethods': size=7488Kb used=3086Kb max_used=3137Kb free=4402Kb
 bounds [0x00000194e7d10000, 0x00000194e8070000, 0x00000194e8460000]
 total_blobs=7945 nmethods=7196 adapters=658
 compilation: enabled
              stopped_count=0, restarted_count=0
 full_count=0

Compilation events (20 events):
Event: 12.377 Thread 0x00000194f9147bb0 8496       1       org.eclipse.text.edits.TextEdit::getLength (5 bytes)
Event: 12.377 Thread 0x00000194f9147bb0 nmethod 8496 0x00000194e86a3b10 code [0x00000194e86a3ca0, 0x00000194e86a3d78]
Event: 12.381 Thread 0x00000194f9fd2ab0 8497       1       org.eclipse.lsp4j.jsonrpc.messages.Either::getRight (5 bytes)
Event: 12.381 Thread 0x00000194f9fd2ab0 nmethod 8497 0x00000194e86a3810 code [0x00000194e86a39a0, 0x00000194e86a3a78]
Event: 12.383 Thread 0x00000194f9147bb0 8498       3       org.eclipse.lsp4j.jsonrpc.json.adapters.MessageTypeAdapter$Factory::create (27 bytes)
Event: 12.383 Thread 0x00000194f6d3dbf0 8499       3       org.eclipse.core.runtime.jobs.Job::getRule (5 bytes)
Event: 12.383 Thread 0x00000194f9fd2ab0 8500   !   3       org.eclipse.lsp4j.jsonrpc.json.adapters.EnumTypeAdapter$Factory::create (55 bytes)
Event: 12.384 Thread 0x00000194f6d3dbf0 nmethod 8499 0x00000194e1848190 code [0x00000194e1848320, 0x00000194e1848438]
Event: 12.384 Thread 0x00000194f9147bb0 nmethod 8498 0x00000194e1848510 code [0x00000194e18486e0, 0x00000194e1848a68]
Event: 12.384 Thread 0x00000194f6d3dbf0 8501       3       org.eclipse.core.filesystem.URIUtil::toURI (61 bytes)
Event: 12.384 Thread 0x00000194f9fd2ab0 nmethod 8500 0x00000194e1848c10 code [0x00000194e1848e20, 0x00000194e1849388]
Event: 12.385 Thread 0x00000194f6d3dbf0 nmethod 8501 0x00000194e1849610 code [0x00000194e1849880, 0x00000194e1849f68]
Event: 12.387 Thread 0x00000194f6d3dbf0 8503       3       com.google.gson.stream.JsonReader::endArray (90 bytes)
Event: 12.387 Thread 0x00000194f9834b00 8504       3       com.google.gson.stream.JsonReader::beginArray (82 bytes)
Event: 12.387 Thread 0x00000194f9fd2ab0 8505       3       com.google.gson.internal.bind.ArrayTypeAdapter::read (133 bytes)
Event: 12.388 Thread 0x00000194f9147bb0 8506       3       org.eclipse.core.runtime.Path::getFileExtension (42 bytes)
Event: 12.389 Thread 0x00000194f9834b00 nmethod 8504 0x00000194e184a290 code [0x00000194e184a520, 0x00000194e184b088]
Event: 12.389 Thread 0x00000194f6d3dbf0 nmethod 8503 0x00000194e184b490 code [0x00000194e184b720, 0x00000194e184c278]
Event: 12.390 Thread 0x00000194f9147bb0 nmethod 8506 0x00000194e184c610 code [0x00000194e184c860, 0x00000194e184d168]
Event: 12.391 Thread 0x00000194f9fd2ab0 nmethod 8505 0x00000194e184d490 code [0x00000194e184d7a0, 0x00000194e184ec98]

GC Heap History (20 events):
Event: 11.391 GC heap after
{Heap after GC invocations=28 (full 3):
 PSYoungGen      total 22528K, used 992K [0x00000000eab00000, 0x00000000ec500000, 0x0000000100000000)
  eden space 21504K, 0% used [0x00000000eab00000,0x00000000eab00000,0x00000000ec000000)
  from space 1024K, 96% used [0x00000000ec000000,0x00000000ec0f8020,0x00000000ec100000)
  to   space 2560K, 0% used [0x00000000ec280000,0x00000000ec280000,0x00000000ec500000)
 ParOldGen       total 68608K, used 28452K [0x00000000c0000000, 0x00000000c4300000, 0x00000000eab00000)
  object space 68608K, 41% used [0x00000000c0000000,0x00000000c1bc92b8,0x00000000c4300000)
 Metaspace       used 64842K, committed 65856K, reserved 1114112K
  class space    used 7036K, committed 7488K, reserved 1048576K
}
Event: 11.474 GC heap before
{Heap before GC invocations=29 (full 3):
 PSYoungGen      total 22528K, used 21237K [0x00000000eab00000, 0x00000000ec500000, 0x0000000100000000)
  eden space 21504K, 94% used [0x00000000eab00000,0x00000000ebec5710,0x00000000ec000000)
  from space 1024K, 96% used [0x00000000ec000000,0x00000000ec0f8020,0x00000000ec100000)
  to   space 2560K, 0% used [0x00000000ec280000,0x00000000ec280000,0x00000000ec500000)
 ParOldGen       total 68608K, used 28452K [0x00000000c0000000, 0x00000000c4300000, 0x00000000eab00000)
  object space 68608K, 41% used [0x00000000c0000000,0x00000000c1bc92b8,0x00000000c4300000)
 Metaspace       used 65139K, committed 66112K, reserved 1114112K
  class space    used 7053K, committed 7488K, reserved 1048576K
}
Event: 11.476 GC heap after
{Heap after GC invocations=29 (full 3):
 PSYoungGen      total 22528K, used 672K [0x00000000eab00000, 0x00000000ec380000, 0x0000000100000000)
  eden space 21504K, 0% used [0x00000000eab00000,0x00000000eab00000,0x00000000ec000000)
  from space 1024K, 65% used [0x00000000ec280000,0x00000000ec328000,0x00000000ec380000)
  to   space 1536K, 0% used [0x00000000ec080000,0x00000000ec080000,0x00000000ec200000)
 ParOldGen       total 68608K, used 29357K [0x00000000c0000000, 0x00000000c4300000, 0x00000000eab00000)
  object space 68608K, 42% used [0x00000000c0000000,0x00000000c1cab528,0x00000000c4300000)
 Metaspace       used 65139K, committed 66112K, reserved 1114112K
  class space    used 7053K, committed 7488K, reserved 1048576K
}
Event: 11.549 GC heap before
{Heap before GC invocations=30 (full 3):
 PSYoungGen      total 22528K, used 21026K [0x00000000eab00000, 0x00000000ec380000, 0x0000000100000000)
  eden space 21504K, 94% used [0x00000000eab00000,0x00000000ebee08e8,0x00000000ec000000)
  from space 1024K, 65% used [0x00000000ec280000,0x00000000ec328000,0x00000000ec380000)
  to   space 1536K, 0% used [0x00000000ec080000,0x00000000ec080000,0x00000000ec200000)
 ParOldGen       total 68608K, used 29357K [0x00000000c0000000, 0x00000000c4300000, 0x00000000eab00000)
  object space 68608K, 42% used [0x00000000c0000000,0x00000000c1cab528,0x00000000c4300000)
 Metaspace       used 65465K, committed 66432K, reserved 1114112K
  class space    used 7083K, committed 7488K, reserved 1048576K
}
Event: 11.550 GC heap after
{Heap after GC invocations=30 (full 3):
 PSYoungGen      total 23040K, used 544K [0x00000000eab00000, 0x00000000ec300000, 0x0000000100000000)
  eden space 21504K, 0% used [0x00000000eab00000,0x00000000eab00000,0x00000000ec000000)
  from space 1536K, 35% used [0x00000000ec080000,0x00000000ec108000,0x00000000ec200000)
  to   space 1024K, 0% used [0x00000000ec200000,0x00000000ec200000,0x00000000ec300000)
 ParOldGen       total 68608K, used 29880K [0x00000000c0000000, 0x00000000c4300000, 0x00000000eab00000)
  object space 68608K, 43% used [0x00000000c0000000,0x00000000c1d2e3d0,0x00000000c4300000)
 Metaspace       used 65465K, committed 66432K, reserved 1114112K
  class space    used 7083K, committed 7488K, reserved 1048576K
}
Event: 11.584 GC heap before
{Heap before GC invocations=31 (full 3):
 PSYoungGen      total 23040K, used 20720K [0x00000000eab00000, 0x00000000ec300000, 0x0000000100000000)
  eden space 21504K, 93% used [0x00000000eab00000,0x00000000ebeb4080,0x00000000ec000000)
  from space 1536K, 35% used [0x00000000ec080000,0x00000000ec108000,0x00000000ec200000)
  to   space 1024K, 0% used [0x00000000ec200000,0x00000000ec200000,0x00000000ec300000)
 ParOldGen       total 68608K, used 29880K [0x00000000c0000000, 0x00000000c4300000, 0x00000000eab00000)
  object space 68608K, 43% used [0x00000000c0000000,0x00000000c1d2e3d0,0x00000000c4300000)
 Metaspace       used 65476K, committed 66432K, reserved 1114112K
  class space    used 7083K, committed 7488K, reserved 1048576K
}
Event: 11.586 GC heap after
{Heap after GC invocations=31 (full 3):
 PSYoungGen      total 22016K, used 416K [0x00000000eab00000, 0x00000000ec280000, 0x0000000100000000)
  eden space 21504K, 0% used [0x00000000eab00000,0x00000000eab00000,0x00000000ec000000)
  from space 512K, 81% used [0x00000000ec200000,0x00000000ec268000,0x00000000ec280000)
  to   space 512K, 0% used [0x00000000ec180000,0x00000000ec180000,0x00000000ec200000)
 ParOldGen       total 68608K, used 30234K [0x00000000c0000000, 0x00000000c4300000, 0x00000000eab00000)
  object space 68608K, 44% used [0x00000000c0000000,0x00000000c1d86be8,0x00000000c4300000)
 Metaspace       used 65476K, committed 66432K, reserved 1114112K
  class space    used 7083K, committed 7488K, reserved 1048576K
}
Event: 11.642 GC heap before
{Heap before GC invocations=32 (full 3):
 PSYoungGen      total 22016K, used 21673K [0x00000000eab00000, 0x00000000ec280000, 0x0000000100000000)
  eden space 21504K, 98% used [0x00000000eab00000,0x00000000ebfc24f0,0x00000000ec000000)
  from space 512K, 81% used [0x00000000ec200000,0x00000000ec268000,0x00000000ec280000)
  to   space 512K, 0% used [0x00000000ec180000,0x00000000ec180000,0x00000000ec200000)
 ParOldGen       total 68608K, used 30234K [0x00000000c0000000, 0x00000000c4300000, 0x00000000eab00000)
  object space 68608K, 44% used [0x00000000c0000000,0x00000000c1d86be8,0x00000000c4300000)
 Metaspace       used 65622K, committed 66624K, reserved 1114112K
  class space    used 7089K, committed 7552K, reserved 1048576K
}
Event: 11.643 GC heap after
{Heap after GC invocations=32 (full 3):
 PSYoungGen      total 22016K, used 448K [0x00000000eab00000, 0x00000000ec280000, 0x0000000100000000)
  eden space 21504K, 0% used [0x00000000eab00000,0x00000000eab00000,0x00000000ec000000)
  from space 512K, 87% used [0x00000000ec180000,0x00000000ec1f0000,0x00000000ec200000)
  to   space 512K, 0% used [0x00000000ec200000,0x00000000ec200000,0x00000000ec280000)
 ParOldGen       total 68608K, used 30466K [0x00000000c0000000, 0x00000000c4300000, 0x00000000eab00000)
  object space 68608K, 44% used [0x00000000c0000000,0x00000000c1dc0920,0x00000000c4300000)
 Metaspace       used 65622K, committed 66624K, reserved 1114112K
  class space    used 7089K, committed 7552K, reserved 1048576K
}
Event: 11.761 GC heap before
{Heap before GC invocations=33 (full 3):
 PSYoungGen      total 22016K, used 21952K [0x00000000eab00000, 0x00000000ec280000, 0x0000000100000000)
  eden space 21504K, 100% used [0x00000000eab00000,0x00000000ec000000,0x00000000ec000000)
  from space 512K, 87% used [0x00000000ec180000,0x00000000ec1f0000,0x00000000ec200000)
  to   space 512K, 0% used [0x00000000ec200000,0x00000000ec200000,0x00000000ec280000)
 ParOldGen       total 68608K, used 30466K [0x00000000c0000000, 0x00000000c4300000, 0x00000000eab00000)
  object space 68608K, 44% used [0x00000000c0000000,0x00000000c1dc0920,0x00000000c4300000)
 Metaspace       used 66577K, committed 67584K, reserved 1114112K
  class space    used 7201K, committed 7616K, reserved 1048576K
}
Event: 11.762 GC heap after
{Heap after GC invocations=33 (full 3):
 PSYoungGen      total 22016K, used 512K [0x00000000eab00000, 0x00000000ec280000, 0x0000000100000000)
  eden space 21504K, 0% used [0x00000000eab00000,0x00000000eab00000,0x00000000ec000000)
  from space 512K, 100% used [0x00000000ec200000,0x00000000ec280000,0x00000000ec280000)
  to   space 1024K, 0% used [0x00000000ec080000,0x00000000ec080000,0x00000000ec180000)
 ParOldGen       total 68608K, used 30790K [0x00000000c0000000, 0x00000000c4300000, 0x00000000eab00000)
  object space 68608K, 44% used [0x00000000c0000000,0x00000000c1e11b58,0x00000000c4300000)
 Metaspace       used 66577K, committed 67584K, reserved 1114112K
  class space    used 7201K, committed 7616K, reserved 1048576K
}
Event: 11.942 GC heap before
{Heap before GC invocations=34 (full 3):
 PSYoungGen      total 22016K, used 22002K [0x00000000eab00000, 0x00000000ec280000, 0x0000000100000000)
  eden space 21504K, 99% used [0x00000000eab00000,0x00000000ebffcae8,0x00000000ec000000)
  from space 512K, 100% used [0x00000000ec200000,0x00000000ec280000,0x00000000ec280000)
  to   space 1024K, 0% used [0x00000000ec080000,0x00000000ec080000,0x00000000ec180000)
 ParOldGen       total 68608K, used 30822K [0x00000000c0000000, 0x00000000c4300000, 0x00000000eab00000)
  object space 68608K, 44% used [0x00000000c0000000,0x00000000c1e19860,0x00000000c4300000)
 Metaspace       used 68609K, committed 69632K, reserved 1114112K
  class space    used 7386K, committed 7808K, reserved 1048576K
}
Event: 11.945 GC heap after
{Heap after GC invocations=34 (full 3):
 PSYoungGen      total 22528K, used 1008K [0x00000000eab00000, 0x00000000ec600000, 0x0000000100000000)
  eden space 21504K, 0% used [0x00000000eab00000,0x00000000eab00000,0x00000000ec000000)
  from space 1024K, 98% used [0x00000000ec080000,0x00000000ec17c178,0x00000000ec180000)
  to   space 3072K, 0% used [0x00000000ec300000,0x00000000ec300000,0x00000000ec600000)
 ParOldGen       total 68608K, used 32202K [0x00000000c0000000, 0x00000000c4300000, 0x00000000eab00000)
  object space 68608K, 46% used [0x00000000c0000000,0x00000000c1f72930,0x00000000c4300000)
 Metaspace       used 68609K, committed 69632K, reserved 1114112K
  class space    used 7386K, committed 7808K, reserved 1048576K
}
Event: 12.116 GC heap before
{Heap before GC invocations=35 (full 3):
 PSYoungGen      total 22528K, used 22512K [0x00000000eab00000, 0x00000000ec600000, 0x0000000100000000)
  eden space 21504K, 100% used [0x00000000eab00000,0x00000000ec000000,0x00000000ec000000)
  from space 1024K, 98% used [0x00000000ec080000,0x00000000ec17c178,0x00000000ec180000)
  to   space 3072K, 0% used [0x00000000ec300000,0x00000000ec300000,0x00000000ec600000)
 ParOldGen       total 68608K, used 32204K [0x00000000c0000000, 0x00000000c4300000, 0x00000000eab00000)
  object space 68608K, 46% used [0x00000000c0000000,0x00000000c1f73380,0x00000000c4300000)
 Metaspace       used 69554K, committed 70592K, reserved 1114112K
  class space    used 7460K, committed 7872K, reserved 1048576K
}
Event: 12.120 GC heap after
{Heap after GC invocations=35 (full 3):
 PSYoungGen      total 21504K, used 3045K [0x00000000eab00000, 0x00000000ecc00000, 0x0000000100000000)
  eden space 18432K, 0% used [0x00000000eab00000,0x00000000eab00000,0x00000000ebd00000)
  from space 3072K, 99% used [0x00000000ec300000,0x00000000ec5f9660,0x00000000ec600000)
  to   space 6144K, 0% used [0x00000000ebd00000,0x00000000ebd00000,0x00000000ec300000)
 ParOldGen       total 68608K, used 34317K [0x00000000c0000000, 0x00000000c4300000, 0x00000000eab00000)
  object space 68608K, 50% used [0x00000000c0000000,0x00000000c2183648,0x00000000c4300000)
 Metaspace       used 69554K, committed 70592K, reserved 1114112K
  class space    used 7460K, committed 7872K, reserved 1048576K
}
Event: 12.204 GC heap before
{Heap before GC invocations=36 (full 3):
 PSYoungGen      total 21504K, used 21477K [0x00000000eab00000, 0x00000000ecc00000, 0x0000000100000000)
  eden space 18432K, 100% used [0x00000000eab00000,0x00000000ebd00000,0x00000000ebd00000)
  from space 3072K, 99% used [0x00000000ec300000,0x00000000ec5f9660,0x00000000ec600000)
  to   space 6144K, 0% used [0x00000000ebd00000,0x00000000ebd00000,0x00000000ec300000)
 ParOldGen       total 68608K, used 34317K [0x00000000c0000000, 0x00000000c4300000, 0x00000000eab00000)
  object space 68608K, 50% used [0x00000000c0000000,0x00000000c2183648,0x00000000c4300000)
 Metaspace       used 70336K, committed 71296K, reserved 1114112K
  class space    used 7516K, committed 7936K, reserved 1048576K
}
Event: 12.206 GC heap after
{Heap after GC invocations=36 (full 3):
 PSYoungGen      total 19456K, used 984K [0x00000000eab00000, 0x00000000ec380000, 0x0000000100000000)
  eden space 18432K, 0% used [0x00000000eab00000,0x00000000eab00000,0x00000000ebd00000)
  from space 1024K, 96% used [0x00000000ebd00000,0x00000000ebdf61e0,0x00000000ebe00000)
  to   space 2560K, 0% used [0x00000000ec100000,0x00000000ec100000,0x00000000ec380000)
 ParOldGen       total 68608K, used 35523K [0x00000000c0000000, 0x00000000c4300000, 0x00000000eab00000)
  object space 68608K, 51% used [0x00000000c0000000,0x00000000c22b0ec8,0x00000000c4300000)
 Metaspace       used 70336K, committed 71296K, reserved 1114112K
  class space    used 7516K, committed 7936K, reserved 1048576K
}
Event: 12.340 GC heap before
{Heap before GC invocations=37 (full 3):
 PSYoungGen      total 19456K, used 17694K [0x00000000eab00000, 0x00000000ec380000, 0x0000000100000000)
  eden space 18432K, 90% used [0x00000000eab00000,0x00000000ebb51658,0x00000000ebd00000)
  from space 1024K, 96% used [0x00000000ebd00000,0x00000000ebdf61e0,0x00000000ebe00000)
  to   space 2560K, 0% used [0x00000000ec100000,0x00000000ec100000,0x00000000ec380000)
 ParOldGen       total 68608K, used 35523K [0x00000000c0000000, 0x00000000c4300000, 0x00000000eab00000)
  object space 68608K, 51% used [0x00000000c0000000,0x00000000c22b0ec8,0x00000000c4300000)
 Metaspace       used 71617K, committed 72768K, reserved 1114112K
  class space    used 7695K, committed 8192K, reserved 1048576K
}
Event: 12.342 GC heap after
{Heap after GC invocations=37 (full 3):
 PSYoungGen      total 20480K, used 1661K [0x00000000eab00000, 0x00000000ec300000, 0x0000000100000000)
  eden space 18432K, 0% used [0x00000000eab00000,0x00000000eab00000,0x00000000ebd00000)
  from space 2048K, 81% used [0x00000000ec100000,0x00000000ec29f610,0x00000000ec300000)
  to   space 2048K, 0% used [0x00000000ebf00000,0x00000000ebf00000,0x00000000ec100000)
 ParOldGen       total 68608K, used 38929K [0x00000000c0000000, 0x00000000c4300000, 0x00000000eab00000)
  object space 68608K, 56% used [0x00000000c0000000,0x00000000c2604640,0x00000000c4300000)
 Metaspace       used 71617K, committed 72768K, reserved 1114112K
  class space    used 7695K, committed 8192K, reserved 1048576K
}
Event: 12.389 GC heap before
{Heap before GC invocations=38 (full 4):
 PSYoungGen      total 20480K, used 20093K [0x00000000eab00000, 0x00000000ec300000, 0x0000000100000000)
  eden space 18432K, 100% used [0x00000000eab00000,0x00000000ebd00000,0x00000000ebd00000)
  from space 2048K, 81% used [0x00000000ec100000,0x00000000ec29f610,0x00000000ec300000)
  to   space 2048K, 0% used [0x00000000ebf00000,0x00000000ebf00000,0x00000000ec100000)
 ParOldGen       total 79872K, used 76268K [0x00000000c0000000, 0x00000000c4e00000, 0x00000000eab00000)
  object space 79872K, 95% used [0x00000000c0000000,0x00000000c4a7b190,0x00000000c4e00000)
 Metaspace       used 71856K, committed 73024K, reserved 1179648K
  class space    used 7726K, committed 8256K, reserved 1048576K
}

Dll operation events (11 events):
Event: 0.006 Loaded shared library c:\Users\CJ\.vscode\extensions\redhat.java-1.24.0-win32-x64\jre\17.0.8.1-win32-x86_64\bin\java.dll
Event: 0.162 Loaded shared library c:\Users\CJ\.vscode\extensions\redhat.java-1.24.0-win32-x64\jre\17.0.8.1-win32-x86_64\bin\zip.dll
Event: 0.165 Loaded shared library C:\Users\CJ\.vscode\extensions\redhat.java-1.24.0-win32-x64\jre\17.0.8.1-win32-x86_64\bin\instrument.dll
Event: 0.182 Loaded shared library C:\Users\CJ\.vscode\extensions\redhat.java-1.24.0-win32-x64\jre\17.0.8.1-win32-x86_64\bin\net.dll
Event: 0.186 Loaded shared library C:\Users\CJ\.vscode\extensions\redhat.java-1.24.0-win32-x64\jre\17.0.8.1-win32-x86_64\bin\nio.dll
Event: 0.198 Loaded shared library C:\Users\CJ\.vscode\extensions\redhat.java-1.24.0-win32-x64\jre\17.0.8.1-win32-x86_64\bin\zip.dll
Event: 0.220 Loaded shared library C:\Users\CJ\.vscode\extensions\redhat.java-1.24.0-win32-x64\jre\17.0.8.1-win32-x86_64\bin\jimage.dll
Event: 0.289 Loaded shared library c:\Users\CJ\.vscode\extensions\redhat.java-1.24.0-win32-x64\jre\17.0.8.1-win32-x86_64\bin\verify.dll
Event: 3.558 Loaded shared library C:\Users\CJ\AppData\Roaming\Code\User\globalStorage\redhat.java\1.24.0\config_win\org.eclipse.equinox.launcher\org.eclipse.equinox.launcher.win32.win32.x86_64_1.2.700.v20221108-1024\eclipse_11801.dll
Event: 8.518 Loaded shared library C:\Users\CJ\AppData\Local\Temp\jna-2151\jna11694582577522357939.dll
Event: 9.795 Loaded shared library C:\Users\CJ\.vscode\extensions\redhat.java-1.24.0-win32-x64\jre\17.0.8.1-win32-x86_64\bin\sunmscapi.dll

Deoptimization events (20 events):
Event: 12.333 Thread 0x00000194fb121140 DEOPT PACKING pc=0x00000194e8629fa4 sp=0x0000003a754fb920
Event: 12.333 Thread 0x00000194fb121140 DEOPT UNPACKING pc=0x00000194e7d666a3 sp=0x0000003a754fb8a8 mode 2
Event: 12.337 Thread 0x00000194fb121140 Uncommon trap: trap_request=0xffffff45 fr.pc=0x00000194e8741b38 relative=0x0000000000000658
Event: 12.337 Thread 0x00000194fb121140 Uncommon trap: reason=unstable_if action=reinterpret pc=0x00000194e8741b38 method=java.util.regex.Pattern.newSlice([IIZ)Ljava/util/regex/Pattern$Node; @ 19 c2
Event: 12.337 Thread 0x00000194fb121140 DEOPT PACKING pc=0x00000194e8741b38 sp=0x0000003a754fd1b0
Event: 12.337 Thread 0x00000194fb121140 DEOPT UNPACKING pc=0x00000194e7d666a3 sp=0x0000003a754fd150 mode 2
Event: 12.369 Thread 0x00000194fb121140 DEOPT PACKING pc=0x00000194e108dca0 sp=0x0000003a754fde70
Event: 12.369 Thread 0x00000194fb121140 DEOPT UNPACKING pc=0x00000194e7d66e43 sp=0x0000003a754fd328 mode 0
Event: 12.386 Thread 0x00000194fb125d30 Uncommon trap: trap_request=0xffffff45 fr.pc=0x00000194e872a614 relative=0x00000000000002d4
Event: 12.386 Thread 0x00000194fb125d30 Uncommon trap: reason=unstable_if action=reinterpret pc=0x00000194e872a614 method=java.util.HashMap.getNode(Ljava/lang/Object;)Ljava/util/HashMap$Node; @ 131 c2
Event: 12.386 Thread 0x00000194fb125d30 DEOPT PACKING pc=0x00000194e872a614 sp=0x0000003a759fe370
Event: 12.386 Thread 0x00000194fb125d30 DEOPT UNPACKING pc=0x00000194e7d666a3 sp=0x0000003a759fe280 mode 2
Event: 12.386 Thread 0x00000194fb125d30 Uncommon trap: trap_request=0xffffffc6 fr.pc=0x00000194e8786034 relative=0x0000000000002154
Event: 12.386 Thread 0x00000194fb125d30 Uncommon trap: reason=bimorphic_or_optimized_type_check action=maybe_recompile pc=0x00000194e8786034 method=com.google.gson.internal.bind.TypeAdapterRuntimeTypeWrapper.read(Lcom/google/gson/stream/JsonReader;)Ljava/lang/Object; @ 5 c2
Event: 12.386 Thread 0x00000194fb125d30 DEOPT PACKING pc=0x00000194e8786034 sp=0x0000003a759fe9e0
Event: 12.386 Thread 0x00000194fb125d30 DEOPT UNPACKING pc=0x00000194e7d666a3 sp=0x0000003a759fea28 mode 2
Event: 12.386 Thread 0x00000194fb125d30 Uncommon trap: trap_request=0xffffffc6 fr.pc=0x00000194e8786034 relative=0x0000000000002154
Event: 12.386 Thread 0x00000194fb125d30 Uncommon trap: reason=bimorphic_or_optimized_type_check action=maybe_recompile pc=0x00000194e8786034 method=com.google.gson.internal.bind.TypeAdapterRuntimeTypeWrapper.read(Lcom/google/gson/stream/JsonReader;)Ljava/lang/Object; @ 5 c2
Event: 12.387 Thread 0x00000194fb125d30 DEOPT PACKING pc=0x00000194e8786034 sp=0x0000003a759fe8d0
Event: 12.387 Thread 0x00000194fb125d30 DEOPT UNPACKING pc=0x00000194e7d666a3 sp=0x0000003a759fe928 mode 2

Classes unloaded (7 events):
Event: 7.680 Thread 0x00000194ddccbff0 Unloading class 0x0000000100250000 'java/lang/invoke/LambdaForm$MH+0x0000000100250000'
Event: 7.680 Thread 0x00000194ddccbff0 Unloading class 0x000000010024fc00 'java/lang/invoke/LambdaForm$MH+0x000000010024fc00'
Event: 7.680 Thread 0x00000194ddccbff0 Unloading class 0x000000010024f800 'java/lang/invoke/LambdaForm$MH+0x000000010024f800'
Event: 7.681 Thread 0x00000194ddccbff0 Unloading class 0x000000010024f400 'java/lang/invoke/LambdaForm$MH+0x000000010024f400'
Event: 7.681 Thread 0x00000194ddccbff0 Unloading class 0x000000010024f000 'java/lang/invoke/LambdaForm$BMH+0x000000010024f000'
Event: 7.681 Thread 0x00000194ddccbff0 Unloading class 0x000000010024ec00 'java/lang/invoke/LambdaForm$DMH+0x000000010024ec00'
Event: 7.681 Thread 0x00000194ddccbff0 Unloading class 0x000000010024c000 'java/lang/invoke/LambdaForm$DMH+0x000000010024c000'

Classes redefined (0 events):
No events

Internal exceptions (20 events):
Event: 12.072 Thread 0x00000194fb1280a0 Exception <a 'java/lang/NullPointerException'{0x00000000ebb3ae28}> (0x00000000ebb3ae28) 
thrown [s\src\hotspot\share\interpreter\linkResolver.cpp, line 1350]
Event: 12.075 Thread 0x00000194fb121140 Exception <a 'java/lang/NullPointerException'{0x00000000ebb56f48}> (0x00000000ebb56f48) 
thrown [s\src\hotspot\share\interpreter\linkResolver.cpp, line 1350]
Event: 12.075 Thread 0x00000194fb121140 Exception <a 'java/lang/NullPointerException'{0x00000000ebb57788}> (0x00000000ebb57788) 
thrown [s\src\hotspot\share\interpreter\linkResolver.cpp, line 1350]
Event: 12.075 Thread 0x00000194fb121140 Exception <a 'java/lang/NullPointerException'{0x00000000ebb57eb8}> (0x00000000ebb57eb8) 
thrown [s\src\hotspot\share\interpreter\linkResolver.cpp, line 1350]
Event: 12.075 Thread 0x00000194fb121140 Exception <a 'java/lang/NullPointerException'{0x00000000ebb590d0}> (0x00000000ebb590d0) 
thrown [s\src\hotspot\share\interpreter\linkResolver.cpp, line 1350]
Event: 12.076 Thread 0x00000194fb121140 Exception <a 'java/lang/NullPointerException'{0x00000000ebb5a4c8}> (0x00000000ebb5a4c8) 
thrown [s\src\hotspot\share\interpreter\linkResolver.cpp, line 1350]
Event: 12.079 Thread 0x00000194fb125310 Exception <a 'java/lang/ArrayIndexOutOfBoundsException'{0x00000000ebb7fed8}> (0x00000000ebb7fed8) 
thrown [s\src\hotspot\share\runtime\sharedRuntime.cpp, line 628]
Event: 12.081 Thread 0x00000194fb1280a0 Exception <a 'java/lang/NullPointerException'{0x00000000ebbf8ea0}> (0x00000000ebbf8ea0) 
thrown [s\src\hotspot\share\interpreter\linkResolver.cpp, line 1350]
Event: 12.083 Thread 0x00000194fb1280a0 Exception <a 'java/lang/NullPointerException'{0x00000000ebc21720}> (0x00000000ebc21720) 
thrown [s\src\hotspot\share\interpreter\linkResolver.cpp, line 1350]
Event: 12.083 Thread 0x00000194fb121140 Exception <a 'java/lang/NullPointerException'{0x00000000ebc25c58}> (0x00000000ebc25c58) 
thrown [s\src\hotspot\share\interpreter\linkResolver.cpp, line 1350]
Event: 12.084 Thread 0x00000194fb1280a0 Exception <a 'java/lang/NullPointerException'{0x00000000ebc430a0}> (0x00000000ebc430a0) 
thrown [s\src\hotspot\share\interpreter\linkResolver.cpp, line 1350]
Event: 12.085 Thread 0x00000194fb1280a0 Exception <a 'java/lang/NullPointerException'{0x00000000ebc43748}> (0x00000000ebc43748) 
thrown [s\src\hotspot\share\interpreter\linkResolver.cpp, line 1350]
Event: 12.085 Thread 0x00000194fb121140 Exception <a 'java/lang/NullPointerException'{0x00000000ebc49698}> (0x00000000ebc49698) 
thrown [s\src\hotspot\share\interpreter\linkResolver.cpp, line 1350]
Event: 12.086 Thread 0x00000194fb121140 Exception <a 'java/lang/NullPointerException'{0x00000000ebc74340}> (0x00000000ebc74340) 
thrown [s\src\hotspot\share\interpreter\linkResolver.cpp, line 1350]
Event: 12.086 Thread 0x00000194fb121140 Exception <a 'java/lang/NullPointerException'{0x00000000ebc749e8}> (0x00000000ebc749e8) 
thrown [s\src\hotspot\share\interpreter\linkResolver.cpp, line 1350]
Event: 12.294 Thread 0x00000194fb121140 Exception <a 'java/lang/NoSuchMethodError'{0x00000000eb2bdc20}: 'void java.lang.invoke.DirectMethodHandle$Holder.invokeSpecial(java.lang.Object, java.lang.Object, int)'> (0x00000000eb2bdc20) 
thrown [s\src\hotspot\share\interpreter\linkResolver.cpp, line 759]
Event: 12.333 Thread 0x00000194fb121140 Exception <a 'java/lang/NoSuchMethodError'{0x00000000eb7b6af0}: 'java.lang.Object java.lang.invoke.DirectMethodHandle$Holder.invokeSpecial(java.lang.Object, java.lang.Object, long, java.lang.Object, java.lang.Object, java.lang.Object, java.lang.Object, java.lang.Object, java.lang.Object, java.lang.Object, java.lang.Object, java.lang.Object)'> (0x00000000eb7b6af0) 
thrown [s\src\hotspot\share\interpreter\linkResolver.cpp, line 759]
Event: 12.334 Thread 0x00000194fb121140 Exception <a 'java/lang/NoSuchMethodError'{0x00000000eb7bb038}: 'java.lang.Object java.lang.invoke.DelegatingMethodHandle$Holder.reinvoke_L(java.lang.Object, long, java.lang.Object, java.lang.Object, java.lang.Object, java.lang.Object, java.lang.Object, java.lang.Object, java.lang.Object, java.lang.Object, java.lang.Object)'> (0x00000000eb7bb038) 
thrown [s\src\hotspot\share\interpreter\linkResolver.cpp, line 759]
Event: 12.336 Thread 0x00000194fb121140 Exception <a 'java/lang/NoSuchMethodError'{0x00000000eb7eaf38}: 'java.lang.Object java.lang.invoke.DirectMethodHandle$Holder.invokeSpecial(java.lang.Object, java.lang.Object, java.lang.Object, java.lang.Object, java.lang.Object, java.lang.Object, java.lang.Object, java.lang.Object, java.lang.Object, java.lang.Object, java.lang.Object)'> (0x00000000eb7eaf38) 
thrown [s\src\hotspot\share\interpreter\linkResolver.cpp, line 759]
Event: 12.337 Thread 0x00000194fb121140 Exception <a 'java/lang/NoSuchMethodError'{0x00000000eb7ef6f0}: 'java.lang.Object java.lang.invoke.Invokers$Holder.linkToTargetMethod(java.lang.Object, java.lang.Object, java.lang.Object, java.lang.Object, java.lang.Object, java.lang.Object, java.lang.Object, java.lang.Object, java.lang.Object, java.lang.Object)'> (0x00000000eb7ef6f0) 
thrown [s\src\hotspot\share\interpreter\linkResolver.cpp, line 759]

VM Operations (20 events):
Event: 11.941 Executing VM operation: ParallelGCFailedAllocation done
Event: 11.942 Executing VM operation: ParallelGCSystemGC
Event: 11.947 Executing VM operation: ParallelGCSystemGC done
Event: 11.959 Executing VM operation: HandshakeAllThreads
Event: 11.968 Executing VM operation: HandshakeAllThreads done
Event: 11.970 Executing VM operation: HandshakeAllThreads
Event: 11.970 Executing VM operation: HandshakeAllThreads done
Event: 12.115 Executing VM operation: ParallelGCFailedAllocation
Event: 12.122 Executing VM operation: ParallelGCFailedAllocation done
Event: 12.127 Executing VM operation: HandshakeAllThreads
Event: 12.128 Executing VM operation: HandshakeAllThreads done
Event: 12.183 Executing VM operation: HandshakeAllThreads
Event: 12.183 Executing VM operation: HandshakeAllThreads done
Event: 12.204 Executing VM operation: ParallelGCFailedAllocation
Event: 12.206 Executing VM operation: ParallelGCFailedAllocation done
Event: 12.281 Executing VM operation: HandshakeAllThreads
Event: 12.281 Executing VM operation: HandshakeAllThreads done
Event: 12.340 Executing VM operation: ParallelGCFailedAllocation
Event: 12.342 Executing VM operation: ParallelGCFailedAllocation done
Event: 12.389 Executing VM operation: ParallelGCFailedAllocation

Events (20 events):
Event: 11.983 loading class java/util/LinkedList$LLSpliterator done
Event: 12.013 loading class javax/xml/transform/TransformerConfigurationException
Event: 12.013 loading class javax/xml/transform/TransformerConfigurationException done
Event: 12.016 Thread 0x00000194fb3fce10 Thread added: 0x00000194fb3fce10
Event: 12.025 loading class java/util/concurrent/ConcurrentHashMap$TreeBin
Event: 12.026 loading class java/util/concurrent/ConcurrentHashMap$TreeBin done
Event: 12.034 Thread 0x00000194fb3fe8a0 Thread added: 0x00000194fb3fe8a0
Event: 12.291 loading class jdk/internal/event/SecurityPropertyModificationEvent
Event: 12.291 loading class jdk/internal/event/SecurityPropertyModificationEvent done
Event: 12.294 Thread 0x00000194fb125d30 Thread added: 0x00000194fb125d30
Event: 12.326 loading class java/lang/invoke/BoundMethodHandle$Species_LLLLLLLLLL
Event: 12.326 loading class java/lang/invoke/BoundMethodHandle$Species_LLLLLLLLLL done
Event: 12.327 loading class java/lang/invoke/BoundMethodHandle$Species_LLLLLLLLLLL
Event: 12.327 loading class java/lang/invoke/BoundMethodHandle$Species_LLLLLLLLLLL done
Event: 12.331 loading class java/lang/invoke/BoundMethodHandle$Species_LLLLLLLLLLLL
Event: 12.331 loading class java/lang/invoke/BoundMethodHandle$Species_LLLLLLLLLLLL done
Event: 12.332 loading class java/lang/invoke/BoundMethodHandle$Species_LLLLLLLLLLLLL
Event: 12.332 loading class java/lang/invoke/BoundMethodHandle$Species_LLLLLLLLLLLLL done
Event: 12.373 loading class java/util/zip/GZIPInputStream$1
Event: 12.373 loading class java/util/zip/GZIPInputStream$1 done


Dynamic libraries:
0x00007ff76c7a0000 - 0x00007ff76c7ae000 	c:\Users\CJ\.vscode\extensions\redhat.java-1.24.0-win32-x64\jre\17.0.8.1-win32-x86_64\bin\java.exe
0x00007ffffd4d0000 - 0x00007ffffd6c8000 	C:\WINDOWS\SYSTEM32\ntdll.dll
0x00007ffffd070000 - 0x00007ffffd12d000 	C:\WINDOWS\System32\KERNEL32.DLL
0x00007ffffae10000 - 0x00007ffffb106000 	C:\WINDOWS\System32\KERNELBASE.dll
0x00007ffffac70000 - 0x00007ffffad70000 	C:\WINDOWS\System32\ucrtbase.dll
0x00007ffff1940000 - 0x00007ffff1957000 	c:\Users\CJ\.vscode\extensions\redhat.java-1.24.0-win32-x64\jre\17.0.8.1-win32-x86_64\bin\jli.dll
0x00007fffebe80000 - 0x00007fffebe99000 	c:\Users\CJ\.vscode\extensions\redhat.java-1.24.0-win32-x64\jre\17.0.8.1-win32-x86_64\bin\VCRUNTIME140.dll
0x00007ffffb530000 - 0x00007ffffb6ce000 	C:\WINDOWS\System32\USER32.dll
0x00007ffffb450000 - 0x00007ffffb472000 	C:\WINDOWS\System32\win32u.dll
0x00007ffffb8f0000 - 0x00007ffffb91c000 	C:\WINDOWS\System32\GDI32.dll
0x00007fffed7d0000 - 0x00007fffeda6a000 	C:\WINDOWS\WinSxS\amd64_microsoft.windows.common-controls_6595b64144ccf1df_6.0.19041.3636_none_60b6a03d71f818d5\COMCTL32.dll
0x00007ffffb180000 - 0x00007ffffb29a000 	C:\WINDOWS\System32\gdi32full.dll
0x00007ffffc410000 - 0x00007ffffc4ae000 	C:\WINDOWS\System32\msvcrt.dll
0x00007ffffad70000 - 0x00007ffffae0d000 	C:\WINDOWS\System32\msvcp_win.dll
0x00007ffffba30000 - 0x00007ffffba60000 	C:\WINDOWS\System32\IMM32.DLL
0x00007ffff87f0000 - 0x00007ffff87fc000 	c:\Users\CJ\.vscode\extensions\redhat.java-1.24.0-win32-x64\jre\17.0.8.1-win32-x86_64\bin\vcruntime140_1.dll
0x00007fffc9980000 - 0x00007fffc9a11000 	c:\Users\CJ\.vscode\extensions\redhat.java-1.24.0-win32-x64\jre\17.0.8.1-win32-x86_64\bin\msvcp140.dll
0x00007fff94130000 - 0x00007fff94d7c000 	c:\Users\CJ\.vscode\extensions\redhat.java-1.24.0-win32-x64\jre\17.0.8.1-win32-x86_64\bin\server\jvm.dll
0x00007ffffb780000 - 0x00007ffffb82f000 	C:\WINDOWS\System32\ADVAPI32.dll
0x00007ffffb850000 - 0x00007ffffb8ec000 	C:\WINDOWS\System32\sechost.dll
0x00007ffffccc0000 - 0x00007ffffcde6000 	C:\WINDOWS\System32\RPCRT4.dll
0x00007ffffa120000 - 0x00007ffffa16b000 	C:\WINDOWS\SYSTEM32\POWRPROF.dll
0x00007ffff25e0000 - 0x00007ffff25ea000 	C:\WINDOWS\SYSTEM32\VERSION.dll
0x00007fffee0d0000 - 0x00007fffee0f7000 	C:\WINDOWS\SYSTEM32\WINMM.dll
0x00007ffff3540000 - 0x00007ffff3549000 	C:\WINDOWS\SYSTEM32\WSOCK32.dll
0x00007ffffb930000 - 0x00007ffffb99b000 	C:\WINDOWS\System32\WS2_32.dll
0x00007ffff9f90000 - 0x00007ffff9fa2000 	C:\WINDOWS\SYSTEM32\UMPDC.dll
0x00007ffff93e0000 - 0x00007ffff93f2000 	C:\WINDOWS\SYSTEM32\kernel.appcore.dll
0x00007ffff7f40000 - 0x00007ffff7f4a000 	c:\Users\CJ\.vscode\extensions\redhat.java-1.24.0-win32-x64\jre\17.0.8.1-win32-x86_64\bin\jimage.dll
0x00007ffff88b0000 - 0x00007ffff8a94000 	C:\WINDOWS\SYSTEM32\DBGHELP.DLL
0x00007ffff18d0000 - 0x00007ffff1904000 	C:\WINDOWS\SYSTEM32\dbgcore.DLL
0x00007ffffabb0000 - 0x00007ffffac32000 	C:\WINDOWS\System32\bcryptPrimitives.dll
0x00007ffff54b0000 - 0x00007ffff54be000 	c:\Users\CJ\.vscode\extensions\redhat.java-1.24.0-win32-x64\jre\17.0.8.1-win32-x86_64\bin\instrument.dll
0x00007fffd41e0000 - 0x00007fffd4205000 	c:\Users\CJ\.vscode\extensions\redhat.java-1.24.0-win32-x64\jre\17.0.8.1-win32-x86_64\bin\java.dll
0x00007fffdd530000 - 0x00007fffdd548000 	c:\Users\CJ\.vscode\extensions\redhat.java-1.24.0-win32-x64\jre\17.0.8.1-win32-x86_64\bin\zip.dll
0x00007ffffbc60000 - 0x00007ffffc3a4000 	C:\WINDOWS\System32\SHELL32.dll
0x00007ffff8c00000 - 0x00007ffff939b000 	C:\WINDOWS\SYSTEM32\windows.storage.dll
0x00007ffffd130000 - 0x00007ffffd484000 	C:\WINDOWS\System32\combase.dll
0x00007ffffa510000 - 0x00007ffffa53d000 	C:\WINDOWS\SYSTEM32\Wldp.dll
0x00007ffffb6d0000 - 0x00007ffffb77d000 	C:\WINDOWS\System32\SHCORE.dll
0x00007ffffce50000 - 0x00007ffffcea5000 	C:\WINDOWS\System32\shlwapi.dll
0x00007ffffaae0000 - 0x00007ffffab05000 	C:\WINDOWS\SYSTEM32\profapi.dll
0x00007fffdc760000 - 0x00007fffdc779000 	C:\Users\CJ\.vscode\extensions\redhat.java-1.24.0-win32-x64\jre\17.0.8.1-win32-x86_64\bin\net.dll
0x00007ffff2470000 - 0x00007ffff257a000 	C:\WINDOWS\SYSTEM32\WINHTTP.dll
0x00007ffffa2f0000 - 0x00007ffffa35a000 	C:\WINDOWS\system32\mswsock.dll
0x00007fffdc0b0000 - 0x00007fffdc0c5000 	C:\Users\CJ\.vscode\extensions\redhat.java-1.24.0-win32-x64\jre\17.0.8.1-win32-x86_64\bin\nio.dll
0x00007fffecfb0000 - 0x00007fffecfc0000 	c:\Users\CJ\.vscode\extensions\redhat.java-1.24.0-win32-x64\jre\17.0.8.1-win32-x86_64\bin\verify.dll
0x00007fffc98b0000 - 0x00007fffc98ee000 	C:\Users\CJ\AppData\Roaming\Code\User\globalStorage\redhat.java\1.24.0\config_win\org.eclipse.equinox.launcher\org.eclipse.equinox.launcher.win32.win32.x86_64_1.2.700.v20221108-1024\eclipse_11801.dll
0x00007ffffcae0000 - 0x00007ffffcc0b000 	C:\WINDOWS\System32\ole32.dll
0x00007ffffa550000 - 0x00007ffffa568000 	C:\WINDOWS\SYSTEM32\CRYPTSP.dll
0x00007ffff9b70000 - 0x00007ffff9ba4000 	C:\WINDOWS\system32\rsaenh.dll
0x00007ffffac40000 - 0x00007ffffac67000 	C:\WINDOWS\System32\bcrypt.dll
0x00007ffffaaa0000 - 0x00007ffffaace000 	C:\WINDOWS\SYSTEM32\USERENV.dll
0x00007ffffa480000 - 0x00007ffffa48c000 	C:\WINDOWS\SYSTEM32\CRYPTBASE.dll
0x00007ffff9fb0000 - 0x00007ffff9feb000 	C:\WINDOWS\SYSTEM32\IPHLPAPI.DLL
0x00007ffffd060000 - 0x00007ffffd068000 	C:\WINDOWS\System32\NSI.dll
0x00007ffff3be0000 - 0x00007ffff3bf7000 	C:\WINDOWS\SYSTEM32\dhcpcsvc6.DLL
0x00007ffff39e0000 - 0x00007ffff39fd000 	C:\WINDOWS\SYSTEM32\dhcpcsvc.DLL
0x00007ffffa000000 - 0x00007ffffa0ca000 	C:\WINDOWS\SYSTEM32\DNSAPI.dll
0x00007ffff8820000 - 0x00007ffff8865000 	C:\Users\CJ\AppData\Local\Temp\jna-2151\jna11694582577522357939.dll
0x00007ffffb920000 - 0x00007ffffb928000 	C:\WINDOWS\System32\PSAPI.DLL
0x00007ffff88a0000 - 0x00007ffff88ae000 	C:\Users\CJ\.vscode\extensions\redhat.java-1.24.0-win32-x64\jre\17.0.8.1-win32-x86_64\bin\sunmscapi.dll
0x00007ffffb2f0000 - 0x00007ffffb44d000 	C:\WINDOWS\System32\CRYPT32.dll
0x00007ffffa660000 - 0x00007ffffa687000 	C:\WINDOWS\SYSTEM32\ncrypt.dll
0x00007ffffa620000 - 0x00007ffffa65b000 	C:\WINDOWS\SYSTEM32\NTASN1.dll
0x00007ffff44f0000 - 0x00007ffff44fa000 	C:\Windows\System32\rasadhlp.dll
0x00007fffefde0000 - 0x00007fffefe60000 	C:\WINDOWS\System32\fwpuclnt.dll

dbghelp: loaded successfully - version: 4.0.5 - missing functions: none
symbol engine: initialized successfully - sym options: 0x614 - pdb path: .;c:\Users\CJ\.vscode\extensions\redhat.java-1.24.0-win32-x64\jre\17.0.8.1-win32-x86_64\bin;C:\WINDOWS\SYSTEM32;C:\WINDOWS\WinSxS\amd64_microsoft.windows.common-controls_6595b64144ccf1df_6.0.19041.3636_none_60b6a03d71f818d5;c:\Users\CJ\.vscode\extensions\redhat.java-1.24.0-win32-x64\jre\17.0.8.1-win32-x86_64\bin\server;C:\Users\CJ\AppData\Roaming\Code\User\globalStorage\redhat.java\1.24.0\config_win\org.eclipse.equinox.launcher\org.eclipse.equinox.launcher.win32.win32.x86_64_1.2.700.v20221108-1024;C:\Users\CJ\AppData\Local\Temp\jna-2151

VM Arguments:
jvm_args: --add-modules=ALL-SYSTEM --add-opens=java.base/java.util=ALL-UNNAMED --add-opens=java.base/java.lang=ALL-UNNAMED --add-opens=java.base/sun.nio.fs=ALL-UNNAMED -Declipse.application=org.eclipse.jdt.ls.core.id1 -Dosgi.bundles.defaultStartLevel=4 -Declipse.product=org.eclipse.jdt.ls.core.product -Djava.import.generatesMetadataFilesAtProjectRoot=false -DDetectVMInstallationsJob.disabled=true -Dfile.encoding=utf8 -XX:+UseParallelGC -XX:GCTimeRatio=4 -XX:AdaptiveSizePolicyWeight=90 -Dsun.zip.disableMemoryMapping=true -Xmx1G -Xms100m -Xlog:disable -javaagent:c:\Users\CJ\.vscode\extensions\redhat.java-1.24.0-win32-x64\lombok\lombok-1.18.30.jar -XX:+HeapDumpOnOutOfMemoryError -XX:HeapDumpPath=c:\Users\CJ\AppData\Roaming\Code\User\workspaceStorage\1ed45042d1a757a1370293669bec6a51\redhat.java -Daether.dependencyCollector.impl=bf 
java_command: c:\Users\CJ\.vscode\extensions\redhat.java-1.24.0-win32-x64\server\plugins\org.eclipse.equinox.launcher_1.6.500.v20230717-2134.jar -configuration c:\Users\CJ\AppData\Roaming\Code\User\globalStorage\redhat.java\1.24.0\config_win -data c:\Users\CJ\AppData\Roaming\Code\User\workspaceStorage\1ed45042d1a757a1370293669bec6a51\redhat.java\jdt_ws --stdio
java_class_path (initial): c:\Users\CJ\.vscode\extensions\redhat.java-1.24.0-win32-x64\server\plugins\org.eclipse.equinox.launcher_1.6.500.v20230717-2134.jar
Launcher Type: SUN_STANDARD

[Global flags]
    uintx AdaptiveSizePolicyWeight                 = 90                                        {product} {command line}
     intx CICompilerCount                          = 12                                        {product} {ergonomic}
    uintx GCTimeRatio                              = 4                                         {product} {command line}
     bool HeapDumpOnOutOfMemoryError               = true                                   {manageable} {command line}
    ccstr HeapDumpPath                             = c:\Users\CJ\AppData\Roaming\Code\User\workspaceStorage\1ed45042d1a757a1370293669bec6a51\redhat.java         {manageable} {command line}
   size_t InitialHeapSize                          = 104857600                                 {product} {command line}
   size_t MaxHeapSize                              = 1073741824                                {product} {command line}
   size_t MaxNewSize                               = 357564416                                 {product} {ergonomic}
   size_t MinHeapDeltaBytes                        = 524288                                    {product} {ergonomic}
   size_t MinHeapSize                              = 104857600                                 {product} {command line}
   size_t NewSize                                  = 34603008                                  {product} {ergonomic}
    uintx NonNMethodCodeHeapSize                   = 7602480                                {pd product} {ergonomic}
    uintx NonProfiledCodeHeapSize                  = 122027880                              {pd product} {ergonomic}
   size_t OldSize                                  = 70254592                                  {product} {ergonomic}
    uintx ProfiledCodeHeapSize                     = 122027880                              {pd product} {ergonomic}
    uintx ReservedCodeCacheSize                    = 251658240                              {pd product} {ergonomic}
     bool SegmentedCodeCache                       = true                                      {product} {ergonomic}
   size_t SoftMaxHeapSize                          = 1073741824                             {manageable} {ergonomic}
     bool UseCompressedClassPointers               = true                           {product lp64_product} {ergonomic}
     bool UseCompressedOops                        = true                           {product lp64_product} {ergonomic}
     bool UseLargePagesIndividualAllocation        = false                                  {pd product} {ergonomic}
     bool UseParallelGC                            = true                                      {product} {command line}

Logging:
Log output configuration:
 #0: stdout all=off uptime,level,tags
 #1: stderr all=off uptime,level,tags

Environment Variables:
JAVA_HOME=C:\Program Files\Java\jdk1.8.0_261
PATH=C:\Program Files\Common Files\Oracle\Java\javapath;C:\Program Files\PlasticSCM5\server;C:\Program Files\PlasticSCM5\client;C:\Program Files\Eclipse Adoptium\jdk-11.0.15.10-hotspot\bin;C:\Program Files\NVIDIA GPU Computing Toolkit\CUDA\v10.2\bin;C:\Program Files\NVIDIA GPU Computing Toolkit\CUDA\v10.2\libnvvp;C:\Program Files (x86)\Common Files\Oracle\Java\javapath;C:\Windows\system32;C:\Windows;C:\Windows\System32\Wbem;C:\Windows\System32\WindowsPowerShell\v1.0\;C:\Windows\System32\OpenSSH\;C:\Program Files (x86)\NVIDIA Corporation\PhysX\Common;C:\Program Files\Git\cmd;C:\Program Files\Java\jdk1.8.0_261\bin;C:\Program Files\NVIDIA Corporation\Nsight Compute 2019.5.0\;C:\WINDOWS\system32;C:\WINDOWS;C:\WINDOWS\System32\Wbem;C:\WINDOWS\System32\WindowsPowerShell\v1.0\;C:\WINDOWS\System32\OpenSSH\;C:\Program Files\nodejs\;C:\ProgramData\chocolatey\bin;C:\Program Files\dotnet\;C:\Users\CJ\Desktop\Life\Productivity\SQLite;C:\Users\CJ\AppData\Roaming\npm\yarn;C:\Program Files\Amazon\AWSCLIV2\;C:\sqlite;C:\Program Files\CMake\bin;C:\Program Files\Docker\Docker\resources\bin;C:\Program Files\PuTTY\;C:\Program Files\Eclipse Adoptium\jdk-11.0.15.10-hotspot\bin;C:\Program Files\NVIDIA GPU Computing Toolkit\CUDA\v10.2\bin;C:\Program Files\NVIDIA GPU Computing Toolkit\CUDA\v10.2\libnvvp;C:\Program Files (x86)\Common Files\Oracle\Java\javapath;C:\Windows\system32;C:\Windows;C:\Windows\System32\Wbem;C:\Windows\System32\WindowsPowerShell\v1.0\;C:\Windows\System32\OpenSSH\;C:\Program Files (x86)\NVIDIA Corporation\PhysX\Common;C:\Program Files\Git\cmd;C:\Program Files\Java\jdk1.8.0_261\bin;C:\Program Files\NVIDIA Corporation\Nsight Compute 2019.5.0\;C:\WINDOWS\system32;C:\WINDOWS;C:\WINDOWS\System32\Wbem;C:\WINDOWS\System32\WindowsPowerShell\v1.0\;C:\WINDOWS\System32\OpenSSH\;C:\Program Files\Docker\Docker\resources\bin;C:\ProgramData\DockerDesktop\version-bin;C:\Program Files\nodejs\;C:\ProgramData\chocolatey\bin;C:\Program Files\dotnet\;C:\Users\CJ\AppData\Local\Programs\Python\P
USERNAME=CJ
OS=Windows_NT
PROCESSOR_IDENTIFIER=AMD64 Family 23 Model 113 Stepping 0, AuthenticAMD
TMP=C:\Users\CJ\AppData\Local\Temp
TEMP=C:\Users\CJ\AppData\Local\Temp



---------------  S Y S T E M  ---------------

OS:
 Windows 10 , 64 bit Build 19041 (10.0.19041.3636)
OS uptime: 15 days 8:38 hours
Hyper-V role detected

CPU: total 16 (initial active 16) (16 cores per cpu, 2 threads per core) family 23 model 113 stepping 0 microcode 0x0, cx8, cmov, fxsr, ht, mmx, 3dnowpref, sse, sse2, sse3, ssse3, sse4a, sse4.1, sse4.2, popcnt, lzcnt, tsc, tscinvbit, avx, avx2, aes, clmul, bmi1, bmi2, adx, sha, fma, vzeroupper, clflush, clflushopt, hv
Processor Information for all 16 processors :
  Max Mhz: 3900, Current Mhz: 3900, Mhz Limit: 3900

Memory: 4k page, system-wide physical 32716M (22433M free)
TotalPageFile size 37580M (AvailPageFile size 21231M)
current process WorkingSet (physical memory assigned to process): 387M, peak: 392M
current process commit charge ("private bytes"): 449M, peak: 454M

vm_info: OpenJDK 64-Bit Server VM (17.0.8.1+1) for windows-amd64 JRE (17.0.8.1+1), built on Aug 23 2023 15:29:17 by "admin" with MS VC++ 16.7 (VS2019)

END.
