2023/12/03 14:36:11: Peer 1006 received the 'interested' message from 1002.
2023/12/03 14:36:11: Peer 1006 received the 'interested' message from 1004.
2023/12/03 14:36:11: Peer 1006 received the 'interested' message from 1003.
2023/12/03 14:36:11: Peer 1006 received the 'interested' message from 1005.
2023/12/03 14:36:11: Peer 1006 received the 'not interested' message from 1001.
2023/12/03 14:36:11: Peer 1006 makes a connection to Peer 1007.
2023/12/03 14:36:11: Peer 1006 is connected from Peer 1007.
2023/12/03 14:36:11: Peer 1006 received the 'interested' message from 1007.
2023/12/03 14:36:11: Peer 1006 makes a connection to Peer 1008.
2023/12/03 14:36:11: Peer 1006 is connected from Peer 1008.
2023/12/03 14:36:11: Peer 1006 received the 'interested' message from 1008.
2023/12/03 14:36:11: Peer 1006 makes a connection to Peer 1009.
2023/12/03 14:36:11: Peer 1006 is connected from Peer 1009.
2023/12/03 14:36:11: Peer 1006 received the 'interested' message from 1009.
2023/12/03 14:36:15: Peer 1006 received the 'have' message from 1008 for the piece 97.
2023/12/03 14:36:15: Peer 1006 received the 'have' message from 1002 for the piece 1.
2023/12/03 14:36:15: Peer 1006 received the 'have' message from 1008 for the piece 93.
2023/12/03 14:36:15: Peer 1006 received the 'have' message from 1002 for the piece 92.
2023/12/03 14:36:15: Peer 1006 received the 'have' message from 1008 for the piece 51.
2023/12/03 14:36:15: Peer 1006 received the 'have' message from 1002 for the piece 38.
2023/12/03 14:36:15: Peer 1006 received the 'have' message from 1002 for the piece 116.
2023/12/03 14:36:15: Peer 1006 received the 'have' message from 1008 for the piece 126.
2023/12/03 14:36:15: Peer 1006 received the 'have' message from 1002 for the piece 14.
2023/12/03 14:36:15: Peer 1006 received the 'have' message from 1008 for the piece 60.
2023/12/03 14:36:15: Peer 1006 received the 'have' message from 1008 for the piece 106.
2023/12/03 14:36:15: Peer 1006 received the 'have' message from 1002 for the piece 26.
2023/12/03 14:36:15: Peer 1006 received the 'have' message from 1008 for the piece 123.
2023/12/03 14:36:15: Peer 1006 received the 'have' message from 1002 for the piece 68.
2023/12/03 14:36:15: Peer 1006 received the 'have' message from 1008 for the piece 129.
2023/12/03 14:36:15: Peer 1006 received the 'have' message from 1002 for the piece 56.
2023/12/03 14:36:15: Peer 1006 received the 'have' message from 1008 for the piece 100.
2023/12/03 14:36:15: Peer 1006 received the 'have' message from 1002 for the piece 82.
2023/12/03 14:36:15: Peer 1006 received the 'have' message from 1002 for the piece 63.
2023/12/03 14:36:15: Peer 1006 received the 'have' message from 1008 for the piece 130.
2023/12/03 14:36:15: Peer 1006 received the 'have' message from 1008 for the piece 5.
2023/12/03 14:36:15: Peer 1006 received the 'have' message from 1002 for the piece 21.
2023/12/03 14:36:15: Peer 1006 received the 'have' message from 1008 for the piece 74.
2023/12/03 14:36:15: Peer 1006 received the 'have' message from 1002 for the piece 84.
2023/12/03 14:36:15: Peer 1006 received the 'have' message from 1008 for the piece 14.
2023/12/03 14:36:15: Peer 1006 received the 'have' message from 1002 for the piece 76.
2023/12/03 14:36:15: Peer 1006 received the 'have' message from 1008 for the piece 132.
2023/12/03 14:36:15: Peer 1006 received the 'have' message from 1002 for the piece 13.
2023/12/03 14:36:15: Peer 1006 received the 'have' message from 1002 for the piece 108.
2023/12/03 14:36:15: Peer 1006 received the 'have' message from 1008 for the piece 87.
2023/12/03 14:36:15: Peer 1006 received the 'have' message from 1002 for the piece 19.
2023/12/03 14:36:15: Peer 1006 received the 'have' message from 1008 for the piece 127.
2023/12/03 14:36:15: Peer 1006 received the 'have' message from 1002 for the piece 58.
2023/12/03 14:36:15: Peer 1006 received the 'have' message from 1008 for the piece 119.
2023/12/03 14:36:15: Peer 1006 received the 'have' message from 1002 for the piece 55.
2023/12/03 14:36:15: Peer 1006 received the 'have' message from 1008 for the piece 68.
2023/12/03 14:36:15: Peer 1006 received the 'have' message from 1002 for the piece 113.
2023/12/03 14:36:15: Peer 1006 received the 'have' message from 1008 for the piece 81.
2023/12/03 14:36:15: Peer 1006 received the 'have' message from 1008 for the piece 80.
2023/12/03 14:36:15: Peer 1006 received the 'have' message from 1002 for the piece 10.
2023/12/03 14:36:15: Peer 1006 received the 'have' message from 1008 for the piece 91.
2023/12/03 14:36:15: Peer 1006 received the 'have' message from 1002 for the piece 101.
2023/12/03 14:36:15: Peer 1006 received the 'have' message from 1008 for the piece 32.
2023/12/03 14:36:15: Peer 1006 received the 'have' message from 1002 for the piece 131.
2023/12/03 14:36:15: Peer 1006 received the 'have' message from 1008 for the piece 34.
2023/12/03 14:36:15: Peer 1006 received the 'have' message from 1002 for the piece 32.
2023/12/03 14:36:15: Peer 1006 received the 'have' message from 1008 for the piece 6.
2023/12/03 14:36:15: Peer 1006 received the 'have' message from 1002 for the piece 0.
2023/12/03 14:36:16: Peer 1006 received the 'have' message from 1008 for the piece 96.
2023/12/03 14:36:16: Peer 1006 received the 'have' message from 1002 for the piece 109.
2023/12/03 14:36:16: Peer 1006 received the 'have' message from 1008 for the piece 99.
2023/12/03 14:36:16: Peer 1006 received the 'have' message from 1002 for the piece 33.
2023/12/03 14:36:16: Peer 1006 received the 'have' message from 1008 for the piece 45.
2023/12/03 14:36:16: Peer 1006 received the 'have' message from 1002 for the piece 125.
2023/12/03 14:36:16: Peer 1006 received the 'have' message from 1008 for the piece 111.
2023/12/03 14:36:16: Peer 1006 received the 'have' message from 1002 for the piece 77.
2023/12/03 14:36:16: Peer 1006 received the 'have' message from 1008 for the piece 88.
2023/12/03 14:36:16: Peer 1006 received the 'have' message from 1002 for the piece 114.
2023/12/03 14:36:16: Peer 1006 received the 'have' message from 1008 for the piece 112.
2023/12/03 14:36:16: Peer 1006 received the 'have' message from 1002 for the piece 117.
2023/12/03 14:36:16: Peer 1006 received the 'have' message from 1008 for the piece 56.
2023/12/03 14:36:16: Peer 1006 received the 'have' message from 1002 for the piece 53.
2023/12/03 14:36:16: Peer 1006 received the 'have' message from 1002 for the piece 86.
2023/12/03 14:36:16: Peer 1006 received the 'have' message from 1008 for the piece 30.
2023/12/03 14:36:16: Peer 1006 received the 'have' message from 1008 for the piece 26.
2023/12/03 14:36:16: Peer 1006 received the 'have' message from 1002 for the piece 128.
2023/12/03 14:36:16: Peer 1006 received the 'have' message from 1008 for the piece 24.
2023/12/03 14:36:16: Peer 1006 received the 'have' message from 1002 for the piece 127.
2023/12/03 14:36:16: Peer 1006 received the 'have' message from 1008 for the piece 128.
2023/12/03 14:36:16: Peer 1006 received the 'have' message from 1002 for the piece 34.
2023/12/03 14:36:16: Peer 1006 received the 'have' message from 1008 for the piece 48.
2023/12/03 14:36:16: Peer 1006 received the 'have' message from 1002 for the piece 29.
2023/12/03 14:36:16: Peer 1006 received the 'have' message from 1008 for the piece 43.
2023/12/03 14:36:16: Peer 1006 received the 'have' message from 1002 for the piece 104.
2023/12/03 14:36:16: Peer 1006 received the 'have' message from 1008 for the piece 76.
2023/12/03 14:36:16: Peer 1006 received the 'have' message from 1002 for the piece 88.
2023/12/03 14:36:16: Peer 1006 received the 'have' message from 1008 for the piece 10.
2023/12/03 14:36:16: Peer 1006 received the 'have' message from 1002 for the piece 90.
2023/12/03 14:36:16: Peer 1006 received the 'have' message from 1008 for the piece 9.
2023/12/03 14:36:16: Peer 1006 received the 'have' message from 1002 for the piece 96.
2023/12/03 14:36:16: Peer 1006 received the 'have' message from 1008 for the piece 31.
2023/12/03 14:36:16: Peer 1006 received the 'have' message from 1002 for the piece 111.
2023/12/03 14:36:16: Peer 1006 received the 'have' message from 1008 for the piece 42.
2023/12/03 14:36:16: Peer 1006 received the 'have' message from 1002 for the piece 6.
2023/12/03 14:36:16: Peer 1006 received the 'have' message from 1008 for the piece 94.
2023/12/03 14:36:16: Peer 1006 received the 'have' message from 1002 for the piece 119.
2023/12/03 14:36:16: Peer 1006 received the 'have' message from 1008 for the piece 113.
2023/12/03 14:36:16: Peer 1006 received the 'have' message from 1002 for the piece 129.
2023/12/03 14:36:16: Peer 1006 received the 'have' message from 1008 for the piece 44.
2023/12/03 14:36:16: Peer 1006 received the 'have' message from 1002 for the piece 8.
2023/12/03 14:36:16: Peer 1006 received the 'have' message from 1008 for the piece 53.
2023/12/03 14:36:16: Peer 1006 received the 'have' message from 1002 for the piece 40.
2023/12/03 14:36:16: Peer 1006 received the 'have' message from 1008 for the piece 69.
2023/12/03 14:36:16: Peer 1006 received the 'have' message from 1002 for the piece 102.
2023/12/03 14:36:16: Peer 1006 received the 'have' message from 1008 for the piece 13.
2023/12/03 14:36:16: Peer 1006 received the 'have' message from 1002 for the piece 41.
2023/12/03 14:36:16: Peer 1006 received the 'have' message from 1008 for the piece 110.
2023/12/03 14:36:16: Peer 1006 received the 'have' message from 1002 for the piece 24.
2023/12/03 14:36:16: Peer 1006 received the 'have' message from 1008 for the piece 59.
2023/12/03 14:36:16: Peer 1006 received the 'have' message from 1002 for the piece 98.
2023/12/03 14:36:16: Peer 1006 received the 'have' message from 1008 for the piece 54.
2023/12/03 14:36:16: Peer 1006 received the 'have' message from 1002 for the piece 66.
2023/12/03 14:36:16: Peer 1006 has the optimistically unchoked neighbor [1009].
2023/12/03 14:36:16: Peer 1006 has the preferred neighbors 1008, 1008, 1008
2023/12/03 14:36:16: Peer 1006 received the 'have' message from 1008 for the piece 28.
2023/12/03 14:36:16: Peer 1006 received the 'have' message from 1002 for the piece 60.
2023/12/03 14:36:16: Peer 1006 received the 'have' message from 1008 for the piece 33.
2023/12/03 14:36:16: Peer 1006 received the 'have' message from 1008 for the piece 18.
2023/12/03 14:36:16: Peer 1006 received the 'have' message from 1009 for the piece 6.
2023/12/03 14:36:16: Peer 1006 received the 'have' message from 1002 for the piece 2.
2023/12/03 14:36:16: Peer 1006 received the 'have' message from 1008 for the piece 101.
2023/12/03 14:36:16: Peer 1006 received the 'have' message from 1008 for the piece 83.
2023/12/03 14:36:16: Peer 1006 received the 'have' message from 1009 for the piece 48.
2023/12/03 14:36:16: Peer 1006 received the 'have' message from 1002 for the piece 112.
2023/12/03 14:36:16: Peer 1006 received the 'have' message from 1008 for the piece 37.
2023/12/03 14:36:16: Peer 1006 received the 'have' message from 1008 for the piece 102.
2023/12/03 14:36:16: Peer 1006 received the 'have' message from 1009 for the piece 38.
2023/12/03 14:36:16: Peer 1006 received the 'have' message from 1002 for the piece 69.
2023/12/03 14:36:16: Peer 1006 received the 'have' message from 1008 for the piece 58.
2023/12/03 14:36:16: Peer 1006 received the 'have' message from 1009 for the piece 85.
2023/12/03 14:36:16: Peer 1006 received the 'have' message from 1002 for the piece 118.
2023/12/03 14:36:16: Peer 1006 received the 'have' message from 1008 for the piece 40.
2023/12/03 14:36:16: Peer 1006 received the 'have' message from 1009 for the piece 10.
2023/12/03 14:36:16: Peer 1006 received the 'have' message from 1002 for the piece 94.
2023/12/03 14:36:16: Peer 1006 received the 'have' message from 1008 for the piece 46.
2023/12/03 14:36:16: Peer 1006 received the 'have' message from 1008 for the piece 16.
2023/12/03 14:36:16: Peer 1006 received the 'have' message from 1009 for the piece 43.
2023/12/03 14:36:16: Peer 1006 received the 'have' message from 1002 for the piece 126.
2023/12/03 14:36:16: Peer 1006 received the 'have' message from 1008 for the piece 21.
2023/12/03 14:36:16: Peer 1006 received the 'have' message from 1008 for the piece 62.
2023/12/03 14:36:16: Peer 1006 received the 'have' message from 1009 for the piece 16.
2023/12/03 14:36:16: Peer 1006 received the 'have' message from 1002 for the piece 23.
2023/12/03 14:36:16: Peer 1006 received the 'have' message from 1008 for the piece 78.
2023/12/03 14:36:16: Peer 1006 received the 'have' message from 1008 for the piece 107.
2023/12/03 14:36:16: Peer 1006 received the 'have' message from 1002 for the piece 27.
2023/12/03 14:36:16: Peer 1006 received the 'have' message from 1009 for the piece 34.
2023/12/03 14:36:16: Peer 1006 received the 'have' message from 1008 for the piece 67.
2023/12/03 14:36:16: Peer 1006 received the 'have' message from 1008 for the piece 8.
2023/12/03 14:36:16: Peer 1006 received the 'have' message from 1002 for the piece 39.
2023/12/03 14:36:16: Peer 1006 received the 'have' message from 1009 for the piece 12.
2023/12/03 14:36:16: Peer 1006 received the 'have' message from 1008 for the piece 84.
2023/12/03 14:36:16: Peer 1006 received the 'have' message from 1008 for the piece 63.
2023/12/03 14:36:16: Peer 1006 received the 'have' message from 1002 for the piece 46.
2023/12/03 14:36:16: Peer 1006 received the 'have' message from 1009 for the piece 123.
2023/12/03 14:36:16: Peer 1006 received the 'have' message from 1008 for the piece 75.
2023/12/03 14:36:16: Peer 1006 received the 'have' message from 1002 for the piece 52.
2023/12/03 14:36:16: Peer 1006 received the 'have' message from 1008 for the piece 35.
2023/12/03 14:36:16: Peer 1006 received the 'have' message from 1009 for the piece 115.
2023/12/03 14:36:16: Peer 1006 received the 'have' message from 1002 for the piece 22.
2023/12/03 14:36:16: Peer 1006 received the 'have' message from 1008 for the piece 70.
2023/12/03 14:36:16: Peer 1006 received the 'have' message from 1008 for the piece 64.
2023/12/03 14:36:16: Peer 1006 received the 'have' message from 1009 for the piece 47.
2023/12/03 14:36:16: Peer 1006 received the 'have' message from 1002 for the piece 48.
2023/12/03 14:36:16: Peer 1006 received the 'have' message from 1008 for the piece 65.
2023/12/03 14:36:16: Peer 1006 received the 'have' message from 1008 for the piece 2.
2023/12/03 14:36:16: Peer 1006 received the 'have' message from 1002 for the piece 122.
2023/12/03 14:36:16: Peer 1006 received the 'have' message from 1009 for the piece 71.
2023/12/03 14:36:16: Peer 1006 received the 'have' message from 1008 for the piece 90.
2023/12/03 14:36:16: Peer 1006 received the 'have' message from 1002 for the piece 72.
2023/12/03 14:36:16: Peer 1006 received the 'have' message from 1008 for the piece 20.
2023/12/03 14:36:16: Peer 1006 received the 'have' message from 1009 for the piece 106.
2023/12/03 14:36:16: Peer 1006 received the 'have' message from 1008 for the piece 118.
2023/12/03 14:36:16: Peer 1006 received the 'have' message from 1002 for the piece 42.
2023/12/03 14:36:16: Peer 1006 received the 'have' message from 1008 for the piece 82.
2023/12/03 14:36:16: Peer 1006 received the 'have' message from 1009 for the piece 114.
2023/12/03 14:36:16: Peer 1006 received the 'have' message from 1002 for the piece 47.
2023/12/03 14:36:16: Peer 1006 received the 'have' message from 1009 for the piece 51.
2023/12/03 14:36:16: Peer 1006 received the 'have' message from 1008 for the piece 25.
2023/12/03 14:36:16: Peer 1006 received the 'have' message from 1002 for the piece 110.
2023/12/03 14:36:16: Peer 1006 received the 'have' message from 1008 for the piece 86.
2023/12/03 14:36:16: Peer 1006 received the 'have' message from 1002 for the piece 123.
2023/12/03 14:36:16: Peer 1006 received the 'have' message from 1009 for the piece 49.
2023/12/03 14:36:16: Peer 1006 received the 'have' message from 1002 for the piece 100.
2023/12/03 14:36:16: Peer 1006 received the 'have' message from 1009 for the piece 24.
2023/12/03 14:36:16: Peer 1006 received the 'have' message from 1008 for the piece 41.
2023/12/03 14:36:16: Peer 1006 received the 'have' message from 1002 for the piece 120.
2023/12/03 14:36:16: Peer 1006 received the 'have' message from 1008 for the piece 22.
2023/12/03 14:36:16: Peer 1006 received the 'have' message from 1009 for the piece 127.
2023/12/03 14:36:16: Peer 1006 received the 'have' message from 1008 for the piece 77.
2023/12/03 14:36:16: Peer 1006 received the 'have' message from 1002 for the piece 5.
2023/12/03 14:36:16: Peer 1006 received the 'have' message from 1009 for the piece 30.
2023/12/03 14:36:16: Peer 1006 received the 'have' message from 1008 for the piece 61.
2023/12/03 14:36:16: Peer 1006 received the 'have' message from 1008 for the piece 121.
2023/12/03 14:36:16: Peer 1006 received the 'have' message from 1002 for the piece 9.
2023/12/03 14:36:16: Peer 1006 received the 'have' message from 1008 for the piece 66.
2023/12/03 14:36:16: Peer 1006 received the 'have' message from 1009 for the piece 68.
2023/12/03 14:36:16: Peer 1006 received the 'have' message from 1002 for the piece 87.
2023/12/03 14:36:16: Peer 1006 received the 'have' message from 1008 for the piece 122.
2023/12/03 14:36:16: Peer 1006 received the 'have' message from 1008 for the piece 105.
2023/12/03 14:36:16: Peer 1006 received the 'have' message from 1009 for the piece 124.
2023/12/03 14:36:16: Peer 1006 received the 'have' message from 1002 for the piece 65.
2023/12/03 14:36:16: Peer 1006 received the 'have' message from 1008 for the piece 120.
2023/12/03 14:36:16: Peer 1006 received the 'have' message from 1008 for the piece 11.
2023/12/03 14:36:16: Peer 1006 received the 'have' message from 1002 for the piece 103.
2023/12/03 14:36:16: Peer 1006 received the 'have' message from 1009 for the piece 27.
2023/12/03 14:36:16: Peer 1006 received the 'have' message from 1008 for the piece 49.
2023/12/03 14:36:16: Peer 1006 received the 'have' message from 1008 for the piece 57.
2023/12/03 14:36:16: Peer 1006 received the 'have' message from 1002 for the piece 12.
2023/12/03 14:36:16: Peer 1006 received the 'have' message from 1009 for the piece 104.
2023/12/03 14:36:16: Peer 1006 received the 'have' message from 1008 for the piece 117.
2023/12/03 14:36:16: Peer 1006 received the 'have' message from 1008 for the piece 98.
2023/12/03 14:36:16: Peer 1006 received the 'have' message from 1002 for the piece 75.
2023/12/03 14:36:16: Peer 1006 received the 'have' message from 1009 for the piece 64.
2023/12/03 14:36:16: Peer 1006 received the 'have' message from 1008 for the piece 52.
2023/12/03 14:36:16: Peer 1006 received the 'have' message from 1002 for the piece 20.
2023/12/03 14:36:16: Peer 1006 received the 'have' message from 1008 for the piece 85.
2023/12/03 14:36:16: Peer 1006 received the 'have' message from 1009 for the piece 67.
2023/12/03 14:36:16: Peer 1006 received the 'have' message from 1002 for the piece 78.
2023/12/03 14:36:16: Peer 1006 received the 'have' message from 1008 for the piece 1.
2023/12/03 14:36:16: Peer 1006 received the 'have' message from 1008 for the piece 71.
2023/12/03 14:36:16: Peer 1006 received the 'have' message from 1002 for the piece 64.
2023/12/03 14:36:16: Peer 1006 received the 'have' message from 1008 for the piece 103.
2023/12/03 14:36:16: Peer 1006 received the 'have' message from 1009 for the piece 36.
2023/12/03 14:36:16: Peer 1006 received the 'have' message from 1008 for the piece 17.
2023/12/03 14:36:16: Peer 1006 received the 'have' message from 1002 for the piece 132.
2023/12/03 14:36:16: Peer 1006 received the 'have' message from 1008 for the piece 79.
2023/12/03 14:36:16: Peer 1006 received the 'have' message from 1009 for the piece 44.
2023/12/03 14:36:16: Peer 1006 received the 'have' message from 1008 for the piece 4.
2023/12/03 14:36:16: Peer 1006 received the 'have' message from 1002 for the piece 105.
2023/12/03 14:36:16: Peer 1006 received the 'have' message from 1008 for the piece 115.
2023/12/03 14:36:16: Peer 1006 received the 'have' message from 1008 for the piece 92.
2023/12/03 14:36:16: Peer 1006 received the 'have' message from 1009 for the piece 132.
2023/12/03 14:36:16: Peer 1006 received the 'have' message from 1002 for the piece 45.
2023/12/03 14:36:17: Peer 1006 received the 'have' message from 1008 for the piece 7.
2023/12/03 14:36:17: Peer 1006 received the 'have' message from 1008 for the piece 50.
2023/12/03 14:36:17: Peer 1006 received the 'have' message from 1009 for the piece 102.
2023/12/03 14:36:17: Peer 1006 received the 'have' message from 1002 for the piece 51.
2023/12/03 14:36:17: Peer 1006 received the 'have' message from 1008 for the piece 114.
2023/12/03 14:36:17: Peer 1006 received the 'have' message from 1008 for the piece 23.
2023/12/03 14:36:17: Peer 1006 received the 'have' message from 1009 for the piece 86.
2023/12/03 14:36:17: Peer 1006 received the 'have' message from 1002 for the piece 85.
2023/12/03 14:36:17: Peer 1006 received the 'have' message from 1008 for the piece 116.
2023/12/03 14:36:17: Peer 1006 received the 'have' message from 1008 for the piece 124.
2023/12/03 14:36:17: Peer 1006 received the 'have' message from 1002 for the piece 97.
2023/12/03 14:36:17: Peer 1006 received the 'have' message from 1009 for the piece 129.
2023/12/03 14:36:17: Peer 1006 received the 'have' message from 1008 for the piece 108.
2023/12/03 14:36:17: Peer 1006 received the 'have' message from 1008 for the piece 125.
2023/12/03 14:36:17: Peer 1006 received the 'have' message from 1002 for the piece 130.
2023/12/03 14:36:17: Peer 1006 received the 'have' message from 1009 for the piece 105.
2023/12/03 14:36:17: Peer 1006 received the 'have' message from 1008 for the piece 72.
2023/12/03 14:36:17: Peer 1006 received the 'have' message from 1008 for the piece 73.
2023/12/03 14:36:17: Peer 1006 received the 'have' message from 1002 for the piece 107.
2023/12/03 14:36:17: Peer 1006 received the 'have' message from 1009 for the piece 110.
2023/12/03 14:36:17: Peer 1006 received the 'have' message from 1008 for the piece 39.
2023/12/03 14:36:17: Peer 1006 received the 'have' message from 1008 for the piece 15.
2023/12/03 14:36:17: Peer 1006 received the 'have' message from 1009 for the piece 80.
2023/12/03 14:36:17: Peer 1006 received the 'have' message from 1002 for the piece 93.
2023/12/03 14:36:17: Peer 1006 received the 'have' message from 1008 for the piece 19.
2023/12/03 14:36:17: Peer 1006 received the 'have' message from 1008 for the piece 0.
2023/12/03 14:36:17: Peer 1006 received the 'have' message from 1009 for the piece 117.
2023/12/03 14:36:17: Peer 1006 received the 'have' message from 1002 for the piece 4.
2023/12/03 14:36:17: Peer 1006 received the 'have' message from 1008 for the piece 47.
2023/12/03 14:36:17: Peer 1006 received the 'have' message from 1009 for the piece 79.
2023/12/03 14:36:17: Peer 1006 received the 'have' message from 1008 for the piece 36.
2023/12/03 14:36:17: Peer 1006 received the 'have' message from 1002 for the piece 49.
2023/12/03 14:36:17: Peer 1006 received the 'have' message from 1008 for the piece 109.
2023/12/03 14:36:17: Peer 1006 received the 'have' message from 1009 for the piece 9.
2023/12/03 14:36:17: Peer 1006 received the 'have' message from 1008 for the piece 55.
2023/12/03 14:36:17: Peer 1006 received the 'have' message from 1002 for the piece 106.
2023/12/03 14:36:17: Peer 1006 received the 'have' message from 1009 for the piece 108.
2023/12/03 14:36:17: Peer 1006 received the 'have' message from 1008 for the piece 104.
2023/12/03 14:36:17: Peer 1006 received the 'have' message from 1008 for the piece 89.
2023/12/03 14:36:17: Peer 1006 received the 'have' message from 1002 for the piece 44.
2023/12/03 14:36:17: Peer 1006 received the 'have' message from 1009 for the piece 7.
2023/12/03 14:36:17: Peer 1006 received the 'have' message from 1008 for the piece 131.
2023/12/03 14:36:17: Peer 1006 received the 'have' message from 1002 for the piece 80.
2023/12/03 14:36:17: Peer 1006 received the 'have' message from 1008 for the piece 3.
2023/12/03 14:36:17: Peer 1006 received the 'have' message from 1009 for the piece 20.
2023/12/03 14:36:17: Peer 1006 received the 'have' message from 1002 for the piece 37.
2023/12/03 14:36:17: Peer 1006 received the 'have' message from 1008 for the piece 12.
2023/12/03 14:36:17: Peer 1006 received the 'have' message from 1009 for the piece 4.
2023/12/03 14:36:17: Peer 1006 received the 'have' message from 1008 for the piece 95.
2023/12/03 14:36:17: Peer 1006 received the 'have' message from 1002 for the piece 89.
2023/12/03 14:36:17: Peer 1006 received the 'have' message from 1008 for the piece 27.
2023/12/03 14:36:17: Peer 1006 received the 'have' message from 1009 for the piece 5.
2023/12/03 14:36:17: Peer 1006 received the 'have' message from 1008 for the piece 38.
2023/12/03 14:36:17: Peer 1006 received the 'have' message from 1002 for the piece 16.
2023/12/03 14:36:17: Peer 1006 received the 'have' message from 1009 for the piece 109.
2023/12/03 14:36:17: Peer 1006 received the 'have' message from 1008 for the piece 29.
2023/12/03 14:36:17: Peer 1006 received the 'have' message from 1002 for the piece 11.
2023/12/03 14:36:17: Peer 1006 received the 'have' message from 1009 for the piece 69.
2023/12/03 14:36:17: Peer 1006 received the 'have' message from 1002 for the piece 28.
2023/12/03 14:36:17: Peer 1006 received the 'have' message from 1009 for the piece 31.
2023/12/03 14:36:17: Peer 1006 received the 'have' message from 1002 for the piece 71.
2023/12/03 14:36:17: Peer 1006 received the 'have' message from 1009 for the piece 91.
2023/12/03 14:36:17: Peer 1006 received the 'have' message from 1002 for the piece 91.
2023/12/03 14:36:17: Peer 1006 received the 'have' message from 1009 for the piece 3.
2023/12/03 14:36:17: Peer 1006 received the 'have' message from 1002 for the piece 62.
2023/12/03 14:36:17: Peer 1006 received the 'have' message from 1009 for the piece 70.
2023/12/03 14:36:17: Peer 1006 received the 'have' message from 1002 for the piece 17.
2023/12/03 14:36:17: Peer 1006 received the 'have' message from 1009 for the piece 125.
2023/12/03 14:36:17: Peer 1006 received the 'have' message from 1002 for the piece 124.
2023/12/03 14:36:17: Peer 1006 received the 'have' message from 1009 for the piece 18.
2023/12/03 14:36:17: Peer 1006 received the 'have' message from 1002 for the piece 61.
2023/12/03 14:36:17: Peer 1006 received the 'have' message from 1009 for the piece 101.
2023/12/03 14:36:17: Peer 1006 received the 'have' message from 1009 for the piece 83.
2023/12/03 14:36:17: Peer 1006 received the 'have' message from 1002 for the piece 25.
2023/12/03 14:36:17: Peer 1006 received the 'have' message from 1009 for the piece 130.
2023/12/03 14:36:17: Peer 1006 received the 'have' message from 1002 for the piece 7.
2023/12/03 14:36:17: Peer 1006 received the 'have' message from 1009 for the piece 2.
2023/12/03 14:36:17: Peer 1006 received the 'have' message from 1002 for the piece 121.
2023/12/03 14:36:17: Peer 1006 received the 'have' message from 1009 for the piece 66.
2023/12/03 14:36:17: Peer 1006 received the 'have' message from 1002 for the piece 57.
2023/12/03 14:36:17: Peer 1006 received the 'have' message from 1009 for the piece 88.
2023/12/03 14:36:17: Peer 1006 received the 'have' message from 1002 for the piece 115.
2023/12/03 14:36:17: Peer 1006 received the 'have' message from 1009 for the piece 73.
2023/12/03 14:36:17: Peer 1006 received the 'have' message from 1002 for the piece 30.
2023/12/03 14:36:17: Peer 1006 received the 'have' message from 1009 for the piece 17.
2023/12/03 14:36:17: Peer 1006 received the 'have' message from 1002 for the piece 50.
2023/12/03 14:36:17: Peer 1006 received the 'have' message from 1009 for the piece 118.
2023/12/03 14:36:17: Peer 1006 received the 'have' message from 1009 for the piece 131.
2023/12/03 14:36:17: Peer 1006 received the 'have' message from 1002 for the piece 35.
2023/12/03 14:36:17: Peer 1006 received the 'have' message from 1009 for the piece 112.
2023/12/03 14:36:17: Peer 1006 received the 'have' message from 1002 for the piece 54.
2023/12/03 14:36:17: Peer 1006 received the 'have' message from 1009 for the piece 0.
2023/12/03 14:36:17: Peer 1006 received the 'have' message from 1002 for the piece 36.
2023/12/03 14:36:17: Peer 1006 received the 'have' message from 1009 for the piece 37.
2023/12/03 14:36:17: Peer 1006 received the 'have' message from 1002 for the piece 74.
2023/12/03 14:36:17: Peer 1006 received the 'have' message from 1009 for the piece 107.
2023/12/03 14:36:17: Peer 1006 received the 'have' message from 1002 for the piece 15.
2023/12/03 14:36:17: Peer 1006 received the 'have' message from 1009 for the piece 92.
2023/12/03 14:36:17: Peer 1006 received the 'have' message from 1002 for the piece 81.
2023/12/03 14:36:17: Peer 1006 received the 'have' message from 1009 for the piece 87.
2023/12/03 14:36:17: Peer 1006 received the 'have' message from 1002 for the piece 18.
2023/12/03 14:36:17: Peer 1006 received the 'have' message from 1009 for the piece 58.
2023/12/03 14:36:17: Peer 1006 received the 'have' message from 1002 for the piece 3.
2023/12/03 14:36:17: Peer 1006 received the 'have' message from 1009 for the piece 13.
2023/12/03 14:36:17: Peer 1006 received the 'have' message from 1002 for the piece 99.
2023/12/03 14:36:17: Peer 1006 received the 'have' message from 1009 for the piece 74.
2023/12/03 14:36:17: Peer 1006 received the 'have' message from 1002 for the piece 67.
2023/12/03 14:36:17: Peer 1006 received the 'have' message from 1009 for the piece 45.
2023/12/03 14:36:17: Peer 1006 received the 'have' message from 1002 for the piece 43.
2023/12/03 14:36:17: Peer 1006 received the 'have' message from 1009 for the piece 65.
2023/12/03 14:36:17: Peer 1006 received the 'have' message from 1002 for the piece 59.
2023/12/03 14:36:17: Peer 1006 received the 'have' message from 1009 for the piece 33.
2023/12/03 14:36:17: Peer 1006 received the 'have' message from 1009 for the piece 26.
2023/12/03 14:36:17: Peer 1006 received the 'have' message from 1002 for the piece 79.
2023/12/03 14:36:17: Peer 1006 received the 'have' message from 1002 for the piece 95.
2023/12/03 14:36:17: Peer 1006 received the 'have' message from 1009 for the piece 42.
2023/12/03 14:36:17: Peer 1006 received the 'have' message from 1009 for the piece 53.
2023/12/03 14:36:17: Peer 1006 received the 'have' message from 1002 for the piece 70.
2023/12/03 14:36:17: Peer 1006 received the 'have' message from 1009 for the piece 54.
2023/12/03 14:36:17: Peer 1006 received the 'have' message from 1002 for the piece 83.
2023/12/03 14:36:17: Peer 1006 received the 'have' message from 1009 for the piece 98.
2023/12/03 14:36:17: Peer 1006 received the 'have' message from 1002 for the piece 31.
2023/12/03 14:36:17: Peer 1006 received the 'have' message from 1009 for the piece 63.
2023/12/03 14:36:17: Peer 1006 received the 'have' message from 1002 for the piece 73.
2023/12/03 14:36:17: Peer 1006 received the 'have' message from 1009 for the piece 99.
2023/12/03 14:36:17: Peer 1006 received the 'have' message from 1009 for the piece 41.
2023/12/03 14:36:17: Peer 1006 received the 'have' message from 1009 for the piece 14.
2023/12/03 14:36:17: Peer 1006 received the 'have' message from 1009 for the piece 116.
2023/12/03 14:36:17: Peer 1006 received the 'have' message from 1009 for the piece 56.
2023/12/03 14:36:17: Peer 1006 received the 'have' message from 1009 for the piece 19.
2023/12/03 14:36:17: Peer 1006 received the 'have' message from 1009 for the piece 113.
2023/12/03 14:36:17: Peer 1006 received the 'have' message from 1009 for the piece 52.
2023/12/03 14:36:17: Peer 1006 received the 'have' message from 1009 for the piece 15.
2023/12/03 14:36:17: Peer 1006 received the 'have' message from 1009 for the piece 126.
2023/12/03 14:36:17: Peer 1006 received the 'have' message from 1009 for the piece 57.
2023/12/03 14:36:17: Peer 1006 received the 'have' message from 1009 for the piece 94.
2023/12/03 14:36:17: Peer 1006 received the 'have' message from 1009 for the piece 40.
2023/12/03 14:36:17: Peer 1006 received the 'have' message from 1009 for the piece 22.
2023/12/03 14:36:17: Peer 1006 received the 'have' message from 1009 for the piece 82.
2023/12/03 14:36:18: Peer 1006 received the 'have' message from 1009 for the piece 95.
2023/12/03 14:36:18: Peer 1006 received the 'have' message from 1009 for the piece 121.
2023/12/03 14:36:18: Peer 1006 received the 'have' message from 1009 for the piece 39.
2023/12/03 14:36:18: Peer 1006 received the 'have' message from 1009 for the piece 60.
2023/12/03 14:36:18: Peer 1006 received the 'have' message from 1009 for the piece 25.
2023/12/03 14:36:18: Peer 1006 received the 'have' message from 1009 for the piece 11.
2023/12/03 14:36:18: Peer 1006 received the 'have' message from 1009 for the piece 55.
2023/12/03 14:36:18: Peer 1006 received the 'have' message from 1009 for the piece 46.
2023/12/03 14:36:18: Peer 1006 received the 'have' message from 1009 for the piece 84.
2023/12/03 14:36:18: Peer 1006 received the 'have' message from 1009 for the piece 23.
2023/12/03 14:36:18: Peer 1006 received the 'have' message from 1009 for the piece 122.
2023/12/03 14:36:18: Peer 1006 received the 'have' message from 1009 for the piece 29.
2023/12/03 14:36:18: Peer 1006 received the 'have' message from 1009 for the piece 72.
2023/12/03 14:36:18: Peer 1006 received the 'have' message from 1009 for the piece 21.
2023/12/03 14:36:18: Peer 1006 received the 'have' message from 1009 for the piece 103.
2023/12/03 14:36:18: Peer 1006 received the 'have' message from 1009 for the piece 89.
2023/12/03 14:36:18: Peer 1006 received the 'have' message from 1009 for the piece 77.
2023/12/03 14:36:18: Peer 1006 received the 'have' message from 1009 for the piece 1.
2023/12/03 14:36:18: Peer 1006 received the 'have' message from 1009 for the piece 28.
2023/12/03 14:36:18: Peer 1006 received the 'have' message from 1009 for the piece 50.
2023/12/03 14:36:18: Peer 1006 received the 'have' message from 1009 for the piece 111.
2023/12/03 14:36:18: Peer 1006 received the 'have' message from 1009 for the piece 93.
2023/12/03 14:36:18: Peer 1006 received the 'have' message from 1009 for the piece 59.
2023/12/03 14:36:18: Peer 1006 received the 'have' message from 1009 for the piece 35.
2023/12/03 14:36:18: Peer 1006 received the 'have' message from 1009 for the piece 76.
2023/12/03 14:36:18: Peer 1006 received the 'have' message from 1009 for the piece 100.
2023/12/03 14:36:18: Peer 1006 received the 'have' message from 1009 for the piece 90.
2023/12/03 14:36:18: Peer 1006 received the 'have' message from 1009 for the piece 81.
2023/12/03 14:36:18: Peer 1006 received the 'have' message from 1009 for the piece 75.
2023/12/03 14:36:18: Peer 1006 received the 'have' message from 1009 for the piece 62.
2023/12/03 14:36:18: Peer 1006 received the 'have' message from 1009 for the piece 78.
2023/12/03 14:36:18: Peer 1006 received the 'have' message from 1009 for the piece 120.
2023/12/03 14:36:18: Peer 1006 received the 'have' message from 1009 for the piece 8.
2023/12/03 14:36:18: Peer 1006 received the 'have' message from 1009 for the piece 61.
2023/12/03 14:36:18: Peer 1006 received the 'have' message from 1009 for the piece 96.
2023/12/03 14:36:18: Peer 1006 received the 'have' message from 1009 for the piece 97.
2023/12/03 14:36:18: Peer 1006 received the 'have' message from 1009 for the piece 119.
2023/12/03 14:36:18: Peer 1006 received the 'have' message from 1009 for the piece 32.
2023/12/03 14:36:18: Peer 1006 received the 'have' message from 1009 for the piece 128.
2023/12/03 14:36:20: Peer 1006 received the 'have' message from 1003 for the piece 37.
2023/12/03 14:36:20: Peer 1006 received the 'have' message from 1003 for the piece 104.
2023/12/03 14:36:20: Peer 1006 received the 'have' message from 1003 for the piece 31.
2023/12/03 14:36:20: Peer 1006 received the 'have' message from 1003 for the piece 41.
2023/12/03 14:36:20: Peer 1006 received the 'have' message from 1003 for the piece 72.
2023/12/03 14:36:20: Peer 1006 received the 'have' message from 1003 for the piece 9.
2023/12/03 14:36:20: Peer 1006 received the 'have' message from 1003 for the piece 56.
2023/12/03 14:36:20: Peer 1006 received the 'have' message from 1003 for the piece 59.
2023/12/03 14:36:20: Peer 1006 received the 'have' message from 1003 for the piece 68.
2023/12/03 14:36:20: Peer 1006 received the 'have' message from 1003 for the piece 89.
2023/12/03 14:36:20: Peer 1006 received the 'have' message from 1003 for the piece 64.
2023/12/03 14:36:20: Peer 1006 received the 'have' message from 1003 for the piece 54.
2023/12/03 14:36:20: Peer 1006 received the 'have' message from 1003 for the piece 112.
2023/12/03 14:36:20: Peer 1006 received the 'have' message from 1003 for the piece 50.
2023/12/03 14:36:20: Peer 1006 received the 'have' message from 1003 for the piece 7.
2023/12/03 14:36:20: Peer 1006 received the 'have' message from 1003 for the piece 61.
2023/12/03 14:36:20: Peer 1006 received the 'have' message from 1003 for the piece 5.
2023/12/03 14:36:20: Peer 1006 received the 'have' message from 1003 for the piece 78.
2023/12/03 14:36:20: Peer 1006 received the 'have' message from 1003 for the piece 65.
2023/12/03 14:36:20: Peer 1006 received the 'have' message from 1003 for the piece 129.
2023/12/03 14:36:20: Peer 1006 received the 'have' message from 1003 for the piece 27.
2023/12/03 14:36:20: Peer 1006 received the 'have' message from 1003 for the piece 28.
2023/12/03 14:36:20: Peer 1006 received the 'have' message from 1003 for the piece 80.
2023/12/03 14:36:20: Peer 1006 received the 'have' message from 1003 for the piece 115.
2023/12/03 14:36:20: Peer 1006 received the 'have' message from 1003 for the piece 117.
2023/12/03 14:36:20: Peer 1006 received the 'have' message from 1003 for the piece 20.
2023/12/03 14:36:20: Peer 1006 received the 'have' message from 1003 for the piece 52.
2023/12/03 14:36:20: Peer 1006 received the 'have' message from 1003 for the piece 100.
2023/12/03 14:36:20: Peer 1006 received the 'have' message from 1003 for the piece 29.
2023/12/03 14:36:20: Peer 1006 received the 'have' message from 1003 for the piece 71.
2023/12/03 14:36:20: Peer 1006 received the 'have' message from 1003 for the piece 88.
2023/12/03 14:36:20: Peer 1006 received the 'have' message from 1003 for the piece 16.
2023/12/03 14:36:21: Peer 1006 received the 'have' message from 1003 for the piece 107.
2023/12/03 14:36:21: Peer 1006 received the 'have' message from 1003 for the piece 55.
2023/12/03 14:36:21: Peer 1006 received the 'have' message from 1003 for the piece 97.
2023/12/03 14:36:21: Peer 1006 received the 'have' message from 1003 for the piece 98.
2023/12/03 14:36:21: Peer 1006 received the 'have' message from 1003 for the piece 74.
2023/12/03 14:36:21: Peer 1006 received the 'have' message from 1003 for the piece 21.
2023/12/03 14:36:21: Peer 1006 received the 'have' message from 1003 for the piece 111.
2023/12/03 14:36:21: Peer 1006 received the 'have' message from 1003 for the piece 1.
2023/12/03 14:36:21: Peer 1006 received the 'have' message from 1003 for the piece 109.
2023/12/03 14:36:21: Peer 1006 received the 'have' message from 1003 for the piece 87.
2023/12/03 14:36:21: Peer 1006 received the 'have' message from 1003 for the piece 63.
2023/12/03 14:36:21: Peer 1006 received the 'have' message from 1003 for the piece 113.
2023/12/03 14:36:21: Peer 1006 received the 'have' message from 1003 for the piece 15.
2023/12/03 14:36:21: Peer 1006 received the 'have' message from 1003 for the piece 101.
2023/12/03 14:36:21: Peer 1006 received the 'have' message from 1003 for the piece 11.
2023/12/03 14:36:21: Peer 1006 received the 'have' message from 1003 for the piece 114.
2023/12/03 14:36:21: Peer 1006 received the 'have' message from 1003 for the piece 76.
2023/12/03 14:36:21: Peer 1006 received the 'have' message from 1003 for the piece 17.
2023/12/03 14:36:21: Peer 1006 received the 'have' message from 1003 for the piece 14.
2023/12/03 14:36:21: Peer 1006 received the 'have' message from 1003 for the piece 44.
2023/12/03 14:36:21: Peer 1006 received the 'have' message from 1003 for the piece 22.
2023/12/03 14:36:21: Peer 1006 received the 'have' message from 1003 for the piece 18.
2023/12/03 14:36:21: Peer 1006 received the 'have' message from 1003 for the piece 132.
2023/12/03 14:36:21: Peer 1006 received the 'have' message from 1003 for the piece 119.
2023/12/03 14:36:21: Peer 1006 received the 'have' message from 1003 for the piece 69.
2023/12/03 14:36:21: Peer 1006 received the 'have' message from 1003 for the piece 48.
2023/12/03 14:36:21: Peer 1006 received the 'have' message from 1003 for the piece 73.
2023/12/03 14:36:21: Peer 1006 received the 'have' message from 1003 for the piece 62.
2023/12/03 14:36:21: Peer 1006 received the 'have' message from 1003 for the piece 85.
2023/12/03 14:36:21: Peer 1006 received the 'have' message from 1003 for the piece 84.
2023/12/03 14:36:21: Peer 1006 received the 'have' message from 1003 for the piece 96.
2023/12/03 14:36:21: Peer 1006 received the 'have' message from 1003 for the piece 108.
2023/12/03 14:36:21: Peer 1006 has the preferred neighbors 1009, 1008, 1008
2023/12/03 14:36:21: Peer 1006 has the optimistically unchoked neighbor [1002].
2023/12/03 14:36:21: Peer 1006 received the 'have' message from 1003 for the piece 13.
2023/12/03 14:36:21: Peer 1006 received the 'have' message from 1003 for the piece 58.
2023/12/03 14:36:21: Peer 1006 received the 'have' message from 1003 for the piece 91.
2023/12/03 14:36:21: Peer 1006 received the 'have' message from 1003 for the piece 49.
2023/12/03 14:36:21: Peer 1006 received the 'have' message from 1003 for the piece 67.
2023/12/03 14:36:21: Peer 1006 received the 'have' message from 1003 for the piece 86.
2023/12/03 14:36:21: Peer 1006 received the 'have' message from 1003 for the piece 47.
2023/12/03 14:36:21: Peer 1006 received the 'have' message from 1003 for the piece 66.
2023/12/03 14:36:21: Peer 1006 received the 'have' message from 1003 for the piece 42.
2023/12/03 14:36:21: Peer 1006 received the 'have' message from 1003 for the piece 105.
2023/12/03 14:36:21: Peer 1006 received the 'have' message from 1003 for the piece 3.
2023/12/03 14:36:21: Peer 1006 received the 'have' message from 1003 for the piece 118.
2023/12/03 14:36:21: Peer 1006 received the 'have' message from 1003 for the piece 39.
2023/12/03 14:36:21: Peer 1006 received the 'have' message from 1003 for the piece 12.
2023/12/03 14:36:21: Peer 1006 received the 'have' message from 1003 for the piece 19.
2023/12/03 14:36:21: Peer 1006 received the 'have' message from 1003 for the piece 33.
2023/12/03 14:36:21: Peer 1006 received the 'have' message from 1003 for the piece 25.
2023/12/03 14:36:21: Peer 1006 received the 'have' message from 1003 for the piece 40.
2023/12/03 14:36:21: Peer 1006 received the 'have' message from 1003 for the piece 60.
2023/12/03 14:36:21: Peer 1006 received the 'have' message from 1003 for the piece 43.
2023/12/03 14:36:21: Peer 1006 received the 'have' message from 1003 for the piece 38.
2023/12/03 14:36:21: Peer 1006 received the 'have' message from 1003 for the piece 106.
2023/12/03 14:36:21: Peer 1006 received the 'have' message from 1003 for the piece 23.
2023/12/03 14:36:21: Peer 1006 received the 'have' message from 1003 for the piece 46.
2023/12/03 14:36:21: Peer 1006 received the 'have' message from 1003 for the piece 35.
2023/12/03 14:36:21: Peer 1006 received the 'have' message from 1003 for the piece 26.
2023/12/03 14:36:21: Peer 1006 received the 'have' message from 1003 for the piece 45.
2023/12/03 14:36:21: Peer 1006 received the 'have' message from 1003 for the piece 77.
2023/12/03 14:36:21: Peer 1006 received the 'have' message from 1003 for the piece 30.
2023/12/03 14:36:21: Peer 1006 received the 'have' message from 1003 for the piece 36.
2023/12/03 14:36:21: Peer 1006 received the 'have' message from 1003 for the piece 127.
2023/12/03 14:36:21: Peer 1006 received the 'have' message from 1003 for the piece 90.
2023/12/03 14:36:21: Peer 1006 received the 'have' message from 1003 for the piece 95.
2023/12/03 14:36:21: Peer 1006 received the 'have' message from 1003 for the piece 123.
2023/12/03 14:36:21: Peer 1006 received the 'have' message from 1003 for the piece 128.
2023/12/03 14:36:21: Peer 1006 received the 'have' message from 1003 for the piece 4.
2023/12/03 14:36:21: Peer 1006 received the 'have' message from 1003 for the piece 53.
2023/12/03 14:36:21: Peer 1006 received the 'have' message from 1003 for the piece 34.
2023/12/03 14:36:21: Peer 1006 received the 'have' message from 1003 for the piece 120.
2023/12/03 14:36:21: Peer 1006 received the 'have' message from 1003 for the piece 116.
2023/12/03 14:36:21: Peer 1006 received the 'have' message from 1003 for the piece 10.
2023/12/03 14:36:22: Peer 1006 received the 'have' message from 1003 for the piece 131.
2023/12/03 14:36:22: Peer 1006 received the 'have' message from 1003 for the piece 121.
2023/12/03 14:36:22: Peer 1006 received the 'have' message from 1003 for the piece 99.
2023/12/03 14:36:22: Peer 1006 received the 'have' message from 1003 for the piece 126.
2023/12/03 14:36:22: Peer 1006 received the 'have' message from 1003 for the piece 57.
2023/12/03 14:36:22: Peer 1006 received the 'have' message from 1003 for the piece 103.
2023/12/03 14:36:22: Peer 1006 received the 'have' message from 1003 for the piece 110.
2023/12/03 14:36:22: Peer 1006 received the 'have' message from 1003 for the piece 2.
2023/12/03 14:36:22: Peer 1006 received the 'have' message from 1003 for the piece 124.
2023/12/03 14:36:22: Peer 1006 received the 'have' message from 1003 for the piece 79.
2023/12/03 14:36:22: Peer 1006 received the 'have' message from 1003 for the piece 83.
2023/12/03 14:36:22: Peer 1006 received the 'have' message from 1003 for the piece 93.
2023/12/03 14:36:22: Peer 1006 received the 'have' message from 1003 for the piece 0.
2023/12/03 14:36:22: Peer 1006 received the 'have' message from 1003 for the piece 122.
2023/12/03 14:36:22: Peer 1006 received the 'have' message from 1003 for the piece 82.
2023/12/03 14:36:22: Peer 1006 received the 'have' message from 1003 for the piece 6.
2023/12/03 14:36:22: Peer 1006 received the 'have' message from 1003 for the piece 8.
2023/12/03 14:36:22: Peer 1006 received the 'have' message from 1003 for the piece 92.
2023/12/03 14:36:22: Peer 1006 received the 'have' message from 1003 for the piece 102.
2023/12/03 14:36:22: Peer 1006 received the 'have' message from 1003 for the piece 125.
2023/12/03 14:36:22: Peer 1006 received the 'have' message from 1003 for the piece 51.
2023/12/03 14:36:22: Peer 1006 received the 'have' message from 1003 for the piece 130.
2023/12/03 14:36:22: Peer 1006 received the 'have' message from 1003 for the piece 75.
2023/12/03 14:36:22: Peer 1006 received the 'have' message from 1003 for the piece 81.
2023/12/03 14:36:22: Peer 1006 received the 'have' message from 1003 for the piece 24.
2023/12/03 14:36:22: Peer 1006 received the 'have' message from 1003 for the piece 32.
2023/12/03 14:36:22: Peer 1006 received the 'have' message from 1003 for the piece 70.
2023/12/03 14:36:22: Peer 1006 received the 'have' message from 1003 for the piece 94.
2023/12/03 14:36:26: Peer 1006 has the optimistically unchoked neighbor [1007].
2023/12/03 14:36:26: Peer 1006 has the preferred neighbors 1008, 1008, 1008
2023/12/03 14:36:26: Peer 1006 received the 'have' message from 1007 for the piece 94.
2023/12/03 14:36:26: Peer 1006 received the 'have' message from 1007 for the piece 23.
2023/12/03 14:36:26: Peer 1006 received the 'have' message from 1007 for the piece 109.
2023/12/03 14:36:26: Peer 1006 received the 'have' message from 1007 for the piece 98.
2023/12/03 14:36:26: Peer 1006 received the 'have' message from 1007 for the piece 34.
2023/12/03 14:36:26: Peer 1006 received the 'have' message from 1007 for the piece 29.
2023/12/03 14:36:26: Peer 1006 received the 'have' message from 1007 for the piece 28.
2023/12/03 14:36:26: Peer 1006 received the 'have' message from 1007 for the piece 128.
2023/12/03 14:36:26: Peer 1006 received the 'have' message from 1007 for the piece 114.
2023/12/03 14:36:26: Peer 1006 received the 'have' message from 1007 for the piece 121.
2023/12/03 14:36:26: Peer 1006 received the 'have' message from 1007 for the piece 83.
2023/12/03 14:36:26: Peer 1006 received the 'have' message from 1007 for the piece 76.
2023/12/03 14:36:26: Peer 1006 received the 'have' message from 1007 for the piece 38.
2023/12/03 14:36:26: Peer 1006 received the 'have' message from 1007 for the piece 130.
2023/12/03 14:36:26: Peer 1006 received the 'have' message from 1007 for the piece 107.
2023/12/03 14:36:26: Peer 1006 received the 'have' message from 1007 for the piece 5.
2023/12/03 14:36:26: Peer 1006 received the 'have' message from 1007 for the piece 112.
2023/12/03 14:36:26: Peer 1006 received the 'have' message from 1007 for the piece 127.
2023/12/03 14:36:26: Peer 1006 received the 'have' message from 1007 for the piece 7.
2023/12/03 14:36:26: Peer 1006 received the 'have' message from 1007 for the piece 89.
2023/12/03 14:36:26: Peer 1006 received the 'have' message from 1007 for the piece 81.
2023/12/03 14:36:26: Peer 1006 received the 'have' message from 1007 for the piece 79.
2023/12/03 14:36:26: Peer 1006 received the 'have' message from 1007 for the piece 24.
2023/12/03 14:36:26: Peer 1006 received the 'have' message from 1007 for the piece 111.
2023/12/03 14:36:26: Peer 1006 received the 'have' message from 1007 for the piece 74.
2023/12/03 14:36:26: Peer 1006 received the 'have' message from 1007 for the piece 27.
2023/12/03 14:36:26: Peer 1006 received the 'have' message from 1007 for the piece 68.
2023/12/03 14:36:26: Peer 1006 received the 'have' message from 1007 for the piece 3.
2023/12/03 14:36:26: Peer 1006 received the 'have' message from 1007 for the piece 84.
2023/12/03 14:36:26: Peer 1006 received the 'have' message from 1007 for the piece 64.
2023/12/03 14:36:26: Peer 1006 received the 'have' message from 1007 for the piece 11.
2023/12/03 14:36:26: Peer 1006 received the 'have' message from 1007 for the piece 87.
2023/12/03 14:36:26: Peer 1006 received the 'have' message from 1007 for the piece 36.
2023/12/03 14:36:26: Peer 1006 received the 'have' message from 1007 for the piece 30.
2023/12/03 14:36:26: Peer 1006 received the 'have' message from 1007 for the piece 44.
2023/12/03 14:36:26: Peer 1006 received the 'have' message from 1007 for the piece 123.
2023/12/03 14:36:26: Peer 1006 received the 'have' message from 1007 for the piece 15.
2023/12/03 14:36:26: Peer 1006 received the 'have' message from 1007 for the piece 43.
2023/12/03 14:36:26: Peer 1006 received the 'have' message from 1007 for the piece 125.
2023/12/03 14:36:27: Peer 1006 received the 'have' message from 1007 for the piece 75.
2023/12/03 14:36:27: Peer 1006 received the 'have' message from 1007 for the piece 42.
2023/12/03 14:36:27: Peer 1006 received the 'have' message from 1007 for the piece 129.
2023/12/03 14:36:27: Peer 1006 received the 'have' message from 1007 for the piece 66.
2023/12/03 14:36:27: Peer 1006 received the 'have' message from 1007 for the piece 1.
2023/12/03 14:36:27: Peer 1006 received the 'have' message from 1007 for the piece 97.
2023/12/03 14:36:27: Peer 1006 received the 'have' message from 1007 for the piece 10.
2023/12/03 14:36:27: Peer 1006 received the 'have' message from 1007 for the piece 51.
2023/12/03 14:36:27: Peer 1006 received the 'have' message from 1007 for the piece 45.
2023/12/03 14:36:27: Peer 1006 received the 'have' message from 1007 for the piece 19.
2023/12/03 14:36:27: Peer 1006 received the 'have' message from 1007 for the piece 110.
2023/12/03 14:36:27: Peer 1006 received the 'have' message from 1007 for the piece 16.
2023/12/03 14:36:27: Peer 1006 received the 'have' message from 1007 for the piece 37.
2023/12/03 14:36:27: Peer 1006 received the 'have' message from 1007 for the piece 56.
2023/12/03 14:36:27: Peer 1006 received the 'have' message from 1007 for the piece 124.
2023/12/03 14:36:27: Peer 1006 received the 'have' message from 1007 for the piece 46.
2023/12/03 14:36:27: Peer 1006 received the 'have' message from 1007 for the piece 49.
2023/12/03 14:36:27: Peer 1006 received the 'have' message from 1007 for the piece 131.
2023/12/03 14:36:27: Peer 1006 received the 'have' message from 1007 for the piece 35.
2023/12/03 14:36:27: Peer 1006 received the 'have' message from 1007 for the piece 99.
2023/12/03 14:36:27: Peer 1006 received the 'have' message from 1007 for the piece 33.
2023/12/03 14:36:27: Peer 1006 received the 'have' message from 1007 for the piece 62.
2023/12/03 14:36:27: Peer 1006 received the 'have' message from 1007 for the piece 31.
2023/12/03 14:36:27: Peer 1006 received the 'have' message from 1007 for the piece 73.
2023/12/03 14:36:27: Peer 1006 received the 'have' message from 1007 for the piece 67.
2023/12/03 14:36:27: Peer 1006 received the 'have' message from 1007 for the piece 108.
2023/12/03 14:36:27: Peer 1006 received the 'have' message from 1007 for the piece 40.
2023/12/03 14:36:27: Peer 1006 received the 'have' message from 1007 for the piece 95.
2023/12/03 14:36:27: Peer 1006 received the 'have' message from 1007 for the piece 103.
2023/12/03 14:36:27: Peer 1006 received the 'have' message from 1007 for the piece 106.
2023/12/03 14:36:27: Peer 1006 received the 'have' message from 1007 for the piece 88.
2023/12/03 14:36:27: Peer 1006 received the 'have' message from 1007 for the piece 59.
2023/12/03 14:36:27: Peer 1006 received the 'have' message from 1007 for the piece 96.
2023/12/03 14:36:27: Peer 1006 received the 'have' message from 1007 for the piece 4.
2023/12/03 14:36:27: Peer 1006 received the 'have' message from 1007 for the piece 92.
2023/12/03 14:36:27: Peer 1006 received the 'have' message from 1007 for the piece 17.
2023/12/03 14:36:27: Peer 1006 received the 'have' message from 1007 for the piece 39.
2023/12/03 14:36:27: Peer 1006 received the 'have' message from 1007 for the piece 132.
2023/12/03 14:36:27: Peer 1006 received the 'have' message from 1007 for the piece 85.
2023/12/03 14:36:27: Peer 1006 received the 'have' message from 1007 for the piece 82.
2023/12/03 14:36:27: Peer 1006 received the 'have' message from 1007 for the piece 14.
2023/12/03 14:36:27: Peer 1006 received the 'have' message from 1007 for the piece 52.
2023/12/03 14:36:27: Peer 1006 received the 'have' message from 1007 for the piece 57.
2023/12/03 14:36:27: Peer 1006 received the 'have' message from 1007 for the piece 47.
2023/12/03 14:36:27: Peer 1006 received the 'have' message from 1007 for the piece 105.
2023/12/03 14:36:27: Peer 1006 received the 'have' message from 1007 for the piece 26.
2023/12/03 14:36:27: Peer 1006 received the 'have' message from 1007 for the piece 91.
2023/12/03 14:36:27: Peer 1006 received the 'have' message from 1007 for the piece 58.
2023/12/03 14:36:27: Peer 1006 received the 'have' message from 1007 for the piece 13.
2023/12/03 14:36:27: Peer 1006 received the 'have' message from 1007 for the piece 120.
2023/12/03 14:36:27: Peer 1006 received the 'have' message from 1007 for the piece 55.
2023/12/03 14:36:27: Peer 1006 received the 'have' message from 1007 for the piece 100.
2023/12/03 14:36:27: Peer 1006 received the 'have' message from 1007 for the piece 71.
2023/12/03 14:36:27: Peer 1006 received the 'have' message from 1007 for the piece 126.
2023/12/03 14:36:27: Peer 1006 received the 'have' message from 1007 for the piece 116.
2023/12/03 14:36:27: Peer 1006 received the 'have' message from 1007 for the piece 78.
2023/12/03 14:36:27: Peer 1006 received the 'have' message from 1007 for the piece 102.
2023/12/03 14:36:27: Peer 1006 received the 'have' message from 1007 for the piece 50.
2023/12/03 14:36:27: Peer 1006 received the 'have' message from 1007 for the piece 12.
2023/12/03 14:36:27: Peer 1006 received the 'have' message from 1007 for the piece 22.
2023/12/03 14:36:27: Peer 1006 received the 'have' message from 1007 for the piece 77.
2023/12/03 14:36:27: Peer 1006 received the 'have' message from 1007 for the piece 93.
2023/12/03 14:36:27: Peer 1006 received the 'have' message from 1007 for the piece 20.
2023/12/03 14:36:27: Peer 1006 received the 'have' message from 1007 for the piece 117.
2023/12/03 14:36:27: Peer 1006 received the 'have' message from 1007 for the piece 21.
2023/12/03 14:36:27: Peer 1006 received the 'have' message from 1007 for the piece 70.
2023/12/03 14:36:27: Peer 1006 received the 'have' message from 1007 for the piece 65.
2023/12/03 14:36:27: Peer 1006 received the 'have' message from 1007 for the piece 9.
2023/12/03 14:36:27: Peer 1006 received the 'have' message from 1007 for the piece 0.
2023/12/03 14:36:27: Peer 1006 received the 'have' message from 1007 for the piece 25.
2023/12/03 14:36:28: Peer 1006 received the 'have' message from 1007 for the piece 115.
2023/12/03 14:36:28: Peer 1006 received the 'have' message from 1007 for the piece 63.
2023/12/03 14:36:28: Peer 1006 received the 'have' message from 1007 for the piece 119.
2023/12/03 14:36:28: Peer 1006 received the 'have' message from 1007 for the piece 60.
2023/12/03 14:36:28: Peer 1006 received the 'have' message from 1007 for the piece 41.
2023/12/03 14:36:28: Peer 1006 received the 'have' message from 1007 for the piece 6.
2023/12/03 14:36:28: Peer 1006 received the 'have' message from 1007 for the piece 104.
2023/12/03 14:36:28: Peer 1006 received the 'have' message from 1007 for the piece 61.
2023/12/03 14:36:28: Peer 1006 received the 'have' message from 1007 for the piece 8.
2023/12/03 14:36:28: Peer 1006 received the 'have' message from 1007 for the piece 32.
2023/12/03 14:36:28: Peer 1006 received the 'have' message from 1007 for the piece 101.
2023/12/03 14:36:28: Peer 1006 received the 'have' message from 1007 for the piece 90.
2023/12/03 14:36:28: Peer 1006 received the 'have' message from 1007 for the piece 86.
2023/12/03 14:36:28: Peer 1006 received the 'have' message from 1007 for the piece 18.
2023/12/03 14:36:28: Peer 1006 received the 'have' message from 1007 for the piece 72.
2023/12/03 14:36:28: Peer 1006 received the 'have' message from 1007 for the piece 80.
2023/12/03 14:36:28: Peer 1006 received the 'have' message from 1007 for the piece 69.
2023/12/03 14:36:28: Peer 1006 received the 'have' message from 1007 for the piece 53.
2023/12/03 14:36:28: Peer 1006 received the 'have' message from 1007 for the piece 48.
2023/12/03 14:36:28: Peer 1006 received the 'have' message from 1007 for the piece 2.
2023/12/03 14:36:28: Peer 1006 received the 'have' message from 1007 for the piece 113.
2023/12/03 14:36:28: Peer 1006 received the 'have' message from 1007 for the piece 122.
2023/12/03 14:36:28: Peer 1006 received the 'have' message from 1007 for the piece 118.
2023/12/03 14:36:28: Peer 1006 received the 'have' message from 1007 for the piece 54.
2023/12/03 14:36:31: Peer 1006 has the preferred neighbors 1007, 1008, 1008
2023/12/03 14:36:31: Peer 1006 has the optimistically unchoked neighbor [1002].
2023/12/03 14:36:36: Peer 1006 has the preferred neighbors 1008, 1008, 1008
2023/12/03 14:36:36: Peer 1006 has the optimistically unchoked neighbor [1005].
2023/12/03 14:36:41: Peer 1006 has the optimistically unchoked neighbor [1003].
2023/12/03 14:36:41: Peer 1006 has the preferred neighbors 1008, 1008, 1008
2023/12/03 14:36:45: Peer 1006 received the 'have' message from 1004 for the piece 68.
2023/12/03 14:36:45: Peer 1006 received the 'have' message from 1004 for the piece 80.
2023/12/03 14:36:45: Peer 1006 received the 'have' message from 1004 for the piece 11.
2023/12/03 14:36:45: Peer 1006 received the 'have' message from 1004 for the piece 65.
2023/12/03 14:36:45: Peer 1006 received the 'have' message from 1004 for the piece 105.
2023/12/03 14:36:45: Peer 1006 received the 'have' message from 1004 for the piece 1.
2023/12/03 14:36:45: Peer 1006 received the 'have' message from 1004 for the piece 119.
2023/12/03 14:36:45: Peer 1006 received the 'have' message from 1004 for the piece 62.
2023/12/03 14:36:45: Peer 1006 received the 'have' message from 1004 for the piece 76.
2023/12/03 14:36:45: Peer 1006 received the 'have' message from 1004 for the piece 79.
2023/12/03 14:36:45: Peer 1006 received the 'have' message from 1004 for the piece 129.
2023/12/03 14:36:45: Peer 1006 received the 'have' message from 1004 for the piece 19.
2023/12/03 14:36:45: Peer 1006 received the 'have' message from 1004 for the piece 123.
2023/12/03 14:36:45: Peer 1006 received the 'have' message from 1004 for the piece 106.
2023/12/03 14:36:45: Peer 1006 received the 'have' message from 1004 for the piece 132.
2023/12/03 14:36:45: Peer 1006 received the 'have' message from 1004 for the piece 57.
2023/12/03 14:36:45: Peer 1006 received the 'have' message from 1004 for the piece 45.
2023/12/03 14:36:45: Peer 1006 received the 'have' message from 1004 for the piece 52.
2023/12/03 14:36:45: Peer 1006 received the 'have' message from 1004 for the piece 18.
2023/12/03 14:36:45: Peer 1006 received the 'have' message from 1004 for the piece 96.
2023/12/03 14:36:45: Peer 1006 received the 'have' message from 1004 for the piece 107.
2023/12/03 14:36:45: Peer 1006 received the 'have' message from 1004 for the piece 116.
2023/12/03 14:36:45: Peer 1006 received the 'have' message from 1004 for the piece 29.
2023/12/03 14:36:45: Peer 1006 received the 'have' message from 1004 for the piece 9.
2023/12/03 14:36:45: Peer 1006 received the 'have' message from 1004 for the piece 114.
2023/12/03 14:36:45: Peer 1006 received the 'have' message from 1004 for the piece 89.
2023/12/03 14:36:45: Peer 1006 received the 'have' message from 1004 for the piece 67.
2023/12/03 14:36:45: Peer 1006 received the 'have' message from 1004 for the piece 128.
2023/12/03 14:36:45: Peer 1006 received the 'have' message from 1004 for the piece 109.
2023/12/03 14:36:46: Peer 1006 received the 'have' message from 1004 for the piece 0.
2023/12/03 14:36:46: Peer 1006 received the 'have' message from 1004 for the piece 85.
2023/12/03 14:36:46: Peer 1006 received the 'have' message from 1004 for the piece 84.
2023/12/03 14:36:46: Peer 1006 received the 'have' message from 1004 for the piece 118.
2023/12/03 14:36:46: Peer 1006 received the 'have' message from 1004 for the piece 39.
2023/12/03 14:36:46: Peer 1006 received the 'have' message from 1004 for the piece 16.
2023/12/03 14:36:46: Peer 1006 received the 'have' message from 1004 for the piece 61.
2023/12/03 14:36:46: Peer 1006 received the 'have' message from 1004 for the piece 32.
2023/12/03 14:36:46: Peer 1006 received the 'have' message from 1004 for the piece 72.
2023/12/03 14:36:46: Peer 1006 received the 'have' message from 1004 for the piece 130.
2023/12/03 14:36:46: Peer 1006 received the 'have' message from 1004 for the piece 91.
2023/12/03 14:36:46: Peer 1006 received the 'have' message from 1004 for the piece 12.
2023/12/03 14:36:46: Peer 1006 received the 'have' message from 1004 for the piece 75.
2023/12/03 14:36:46: Peer 1006 received the 'have' message from 1004 for the piece 74.
2023/12/03 14:36:46: Peer 1006 received the 'have' message from 1004 for the piece 43.
2023/12/03 14:36:46: Peer 1006 received the 'have' message from 1004 for the piece 112.
2023/12/03 14:36:46: Peer 1006 received the 'have' message from 1004 for the piece 88.
2023/12/03 14:36:46: Peer 1006 received the 'have' message from 1004 for the piece 122.
2023/12/03 14:36:46: Peer 1006 received the 'have' message from 1004 for the piece 22.
2023/12/03 14:36:46: Peer 1006 received the 'have' message from 1004 for the piece 69.
2023/12/03 14:36:46: Peer 1006 received the 'have' message from 1004 for the piece 127.
2023/12/03 14:36:46: Peer 1006 received the 'have' message from 1004 for the piece 59.
2023/12/03 14:36:46: Peer 1006 received the 'have' message from 1004 for the piece 46.
2023/12/03 14:36:46: Peer 1006 received the 'have' message from 1004 for the piece 77.
2023/12/03 14:36:46: Peer 1006 received the 'have' message from 1004 for the piece 34.
2023/12/03 14:36:46: Peer 1006 received the 'have' message from 1004 for the piece 24.
2023/12/03 14:36:46: Peer 1006 received the 'have' message from 1004 for the piece 97.
2023/12/03 14:36:46: Peer 1006 received the 'have' message from 1004 for the piece 54.
2023/12/03 14:36:46: Peer 1006 has the preferred neighbors 1008, 1008, 1008
2023/12/03 14:36:46: Peer 1006 has the optimistically unchoked neighbor [1002].
2023/12/03 14:36:46: Peer 1006 received the 'have' message from 1004 for the piece 23.
2023/12/03 14:36:46: Peer 1006 received the 'have' message from 1004 for the piece 25.
2023/12/03 14:36:46: Peer 1006 received the 'have' message from 1004 for the piece 108.
2023/12/03 14:36:46: Peer 1006 received the 'have' message from 1004 for the piece 73.
2023/12/03 14:36:46: Peer 1006 received the 'have' message from 1004 for the piece 86.
2023/12/03 14:36:46: Peer 1006 received the 'have' message from 1004 for the piece 113.
2023/12/03 14:36:46: Peer 1006 received the 'have' message from 1004 for the piece 55.
2023/12/03 14:36:46: Peer 1006 received the 'have' message from 1004 for the piece 21.
2023/12/03 14:36:46: Peer 1006 received the 'have' message from 1004 for the piece 50.
2023/12/03 14:36:46: Peer 1006 received the 'have' message from 1004 for the piece 41.
2023/12/03 14:36:46: Peer 1006 received the 'have' message from 1004 for the piece 49.
2023/12/03 14:36:46: Peer 1006 received the 'have' message from 1004 for the piece 20.
2023/12/03 14:36:46: Peer 1006 received the 'have' message from 1004 for the piece 70.
2023/12/03 14:36:46: Peer 1006 received the 'have' message from 1004 for the piece 28.
2023/12/03 14:36:46: Peer 1006 received the 'have' message from 1004 for the piece 102.
2023/12/03 14:36:46: Peer 1006 received the 'have' message from 1004 for the piece 120.
2023/12/03 14:36:46: Peer 1006 received the 'have' message from 1004 for the piece 110.
2023/12/03 14:36:46: Peer 1006 received the 'have' message from 1004 for the piece 93.
2023/12/03 14:36:46: Peer 1006 received the 'have' message from 1004 for the piece 98.
2023/12/03 14:36:46: Peer 1006 received the 'have' message from 1004 for the piece 3.
2023/12/03 14:36:46: Peer 1006 received the 'have' message from 1004 for the piece 51.
2023/12/03 14:36:46: Peer 1006 received the 'have' message from 1004 for the piece 94.
2023/12/03 14:36:46: Peer 1006 received the 'have' message from 1004 for the piece 38.
2023/12/03 14:36:46: Peer 1006 received the 'have' message from 1004 for the piece 58.
2023/12/03 14:36:46: Peer 1006 received the 'have' message from 1004 for the piece 13.
2023/12/03 14:36:46: Peer 1006 received the 'have' message from 1004 for the piece 124.
2023/12/03 14:36:46: Peer 1006 received the 'have' message from 1004 for the piece 53.
2023/12/03 14:36:46: Peer 1006 received the 'have' message from 1004 for the piece 27.
2023/12/03 14:36:46: Peer 1006 received the 'have' message from 1004 for the piece 121.
2023/12/03 14:36:46: Peer 1006 received the 'have' message from 1004 for the piece 26.
2023/12/03 14:36:46: Peer 1006 received the 'have' message from 1004 for the piece 125.
2023/12/03 14:36:46: Peer 1006 received the 'have' message from 1004 for the piece 103.
2023/12/03 14:36:47: Peer 1006 received the 'have' message from 1004 for the piece 82.
2023/12/03 14:36:47: Peer 1006 received the 'have' message from 1004 for the piece 30.
2023/12/03 14:36:47: Peer 1006 received the 'have' message from 1004 for the piece 33.
2023/12/03 14:36:47: Peer 1006 received the 'have' message from 1004 for the piece 15.
2023/12/03 14:36:47: Peer 1006 received the 'have' message from 1004 for the piece 60.
2023/12/03 14:36:47: Peer 1006 received the 'have' message from 1004 for the piece 99.
2023/12/03 14:36:47: Peer 1006 received the 'have' message from 1004 for the piece 36.
2023/12/03 14:36:47: Peer 1006 received the 'have' message from 1004 for the piece 111.
2023/12/03 14:36:47: Peer 1006 received the 'have' message from 1004 for the piece 78.
2023/12/03 14:36:47: Peer 1006 received the 'have' message from 1004 for the piece 7.
2023/12/03 14:36:47: Peer 1006 received the 'have' message from 1004 for the piece 101.
2023/12/03 14:36:47: Peer 1006 received the 'have' message from 1004 for the piece 87.
2023/12/03 14:36:47: Peer 1006 received the 'have' message from 1004 for the piece 14.
2023/12/03 14:36:47: Peer 1006 received the 'have' message from 1004 for the piece 95.
2023/12/03 14:36:47: Peer 1006 received the 'have' message from 1004 for the piece 63.
2023/12/03 14:36:47: Peer 1006 received the 'have' message from 1004 for the piece 71.
2023/12/03 14:36:47: Peer 1006 received the 'have' message from 1004 for the piece 104.
2023/12/03 14:36:47: Peer 1006 received the 'have' message from 1004 for the piece 6.
2023/12/03 14:36:47: Peer 1006 received the 'have' message from 1004 for the piece 5.
2023/12/03 14:36:47: Peer 1006 received the 'have' message from 1004 for the piece 131.
2023/12/03 14:36:47: Peer 1006 received the 'have' message from 1004 for the piece 10.
2023/12/03 14:36:47: Peer 1006 received the 'have' message from 1004 for the piece 2.
2023/12/03 14:36:47: Peer 1006 received the 'have' message from 1004 for the piece 83.
2023/12/03 14:36:47: Peer 1006 received the 'have' message from 1004 for the piece 40.
2023/12/03 14:36:47: Peer 1006 received the 'have' message from 1004 for the piece 126.
2023/12/03 14:36:47: Peer 1006 received the 'have' message from 1004 for the piece 92.
2023/12/03 14:36:47: Peer 1006 received the 'have' message from 1004 for the piece 8.
2023/12/03 14:36:47: Peer 1006 received the 'have' message from 1004 for the piece 90.
2023/12/03 14:36:47: Peer 1006 received the 'have' message from 1004 for the piece 115.
2023/12/03 14:36:47: Peer 1006 received the 'have' message from 1004 for the piece 66.
2023/12/03 14:36:47: Peer 1006 received the 'have' message from 1004 for the piece 56.
2023/12/03 14:36:47: Peer 1006 received the 'have' message from 1004 for the piece 44.
2023/12/03 14:36:47: Peer 1006 received the 'have' message from 1004 for the piece 64.
2023/12/03 14:36:47: Peer 1006 received the 'have' message from 1004 for the piece 37.
2023/12/03 14:36:47: Peer 1006 received the 'have' message from 1004 for the piece 47.
2023/12/03 14:36:47: Peer 1006 received the 'have' message from 1004 for the piece 81.
2023/12/03 14:36:47: Peer 1006 received the 'have' message from 1004 for the piece 4.
2023/12/03 14:36:47: Peer 1006 received the 'have' message from 1004 for the piece 42.
2023/12/03 14:36:47: Peer 1006 received the 'have' message from 1004 for the piece 117.
2023/12/03 14:36:47: Peer 1006 received the 'have' message from 1004 for the piece 35.
2023/12/03 14:36:47: Peer 1006 received the 'have' message from 1004 for the piece 48.
2023/12/03 14:36:47: Peer 1006 received the 'have' message from 1004 for the piece 31.
2023/12/03 14:36:47: Peer 1006 received the 'have' message from 1004 for the piece 100.
2023/12/03 14:36:47: Peer 1006 received the 'have' message from 1004 for the piece 17.
2023/12/03 14:36:51: Peer 1006 has the optimistically unchoked neighbor [1007].
2023/12/03 14:36:51: Peer 1006 has the preferred neighbors 1008, 1008, 1008
2023/12/03 14:36:56: Peer 1006 has the optimistically unchoked neighbor [1009].
2023/12/03 14:36:56: Peer 1006 has the preferred neighbors 1008, 1008, 1008
2023/12/03 14:37:01: Peer 1006 has the preferred neighbors 1008, 1008, 1008
2023/12/03 14:37:01: Peer 1006 has the optimistically unchoked neighbor [1004].
2023/12/03 14:37:06: Peer 1006 has the optimistically unchoked neighbor [1003].
2023/12/03 14:37:06: Peer 1006 has the preferred neighbors 1008, 1008, 1008
2023/12/03 14:37:11: Peer 1006 has the optimistically unchoked neighbor [1007].
2023/12/03 14:37:11: Peer 1006 has the preferred neighbors 1008, 1008, 1008
2023/12/03 14:37:16: Peer 1006 has the preferred neighbors 1008, 1008, 1008
2023/12/03 14:37:16: Peer 1006 has the optimistically unchoked neighbor [1004].
2023/12/03 14:37:21: Peer 1006 has the optimistically unchoked neighbor [1003].
2023/12/03 14:37:21: Peer 1006 has the preferred neighbors 1008, 1008, 1008
2023/12/03 14:37:26: Peer 1006 has the preferred neighbors 1008, 1008, 1008
2023/12/03 14:37:26: Peer 1006 has the optimistically unchoked neighbor [1002].
2023/12/03 14:37:31: Peer 1006 has the optimistically unchoked neighbor [1005].
2023/12/03 14:37:31: Peer 1006 has the preferred neighbors 1008, 1008, 1008
2023/12/03 14:37:36: Peer 1006 has the optimistically unchoked neighbor [1007].
2023/12/03 14:37:36: Peer 1006 has the preferred neighbors 1008, 1008, 1008
2023/12/03 14:37:41: Peer 1006 has the preferred neighbors 1008, 1008, 1008
2023/12/03 14:37:41: Peer 1006 has the optimistically unchoked neighbor [1005].
2023/12/03 14:37:46: Peer 1006 has the preferred neighbors 1008, 1008, 1008
2023/12/03 14:37:46: Peer 1006 has the optimistically unchoked neighbor [1002].
2023/12/03 14:37:51: Peer 1006 has the optimistically unchoked neighbor [1004].
2023/12/03 14:37:51: Peer 1006 has the preferred neighbors 1008, 1008, 1008
2023/12/03 14:37:56: Peer 1006 has the preferred neighbors 1008, 1008, 1008
2023/12/03 14:37:56: Peer 1006 has the optimistically unchoked neighbor [1005].
2023/12/03 14:38:01: Peer 1006 has the optimistically unchoked neighbor [1003].
2023/12/03 14:38:01: Peer 1006 has the preferred neighbors 1008, 1008, 1008
2023/12/03 14:38:06: Peer 1006 has the preferred neighbors 1008, 1008, 1008
2023/12/03 14:38:06: Peer 1006 has the optimistically unchoked neighbor [1004].
2023/12/03 14:38:11: Peer 1006 has the preferred neighbors 1008, 1008, 1008
2023/12/03 14:38:11: Peer 1006 has the optimistically unchoked neighbor [1005].
2023/12/03 14:38:16: Peer 1006 has the preferred neighbors 1008, 1008, 1008
2023/12/03 14:38:16: Peer 1006 has the optimistically unchoked neighbor [1009].
2023/12/03 14:38:21: Peer 1006 has the preferred neighbors 1008, 1008, 1008
2023/12/03 14:38:21: Peer 1006 has the optimistically unchoked neighbor [1003].
2023/12/03 14:38:26: Peer 1006 has the preferred neighbors 1008, 1008, 1008
2023/12/03 14:38:26: Peer 1006 has the optimistically unchoked neighbor [1005].
2023/12/03 14:38:31: Peer 1006 has the preferred neighbors 1008, 1008, 1008
2023/12/03 14:38:31: Peer 1006 has the optimistically unchoked neighbor [1009].
2023/12/03 14:38:36: Peer 1006 has the preferred neighbors 1008, 1008, 1008
2023/12/03 14:38:36: Peer 1006 has the optimistically unchoked neighbor [1003].
2023/12/03 14:38:41: Peer 1006 has the preferred neighbors 1008, 1008, 1008
2023/12/03 14:38:41: Peer 1006 has the optimistically unchoked neighbor [1002].
2023/12/03 14:38:46: Peer 1006 has the preferred neighbors 1008, 1008, 1008
2023/12/03 14:38:46: Peer 1006 has the optimistically unchoked neighbor [1009].
2023/12/03 14:38:51: Peer 1006 has the preferred neighbors 1008, 1008, 1008
2023/12/03 14:38:51: Peer 1006 has the optimistically unchoked neighbor [1007].
2023/12/03 14:38:56: Peer 1006 has the preferred neighbors 1008, 1008, 1008
2023/12/03 14:38:56: Peer 1006 has the optimistically unchoked neighbor [1005].
2023/12/03 14:39:01: Peer 1006 has the optimistically unchoked neighbor [1004].
2023/12/03 14:39:01: Peer 1006 has the preferred neighbors 1008, 1008, 1008
2023/12/03 14:39:06: Peer 1006 has the preferred neighbors 1008, 1008, 1008
2023/12/03 14:39:06: Peer 1006 has the optimistically unchoked neighbor [1009].
2023/12/03 14:39:11: Peer 1006 has the preferred neighbors 1008, 1008, 1008
2023/12/03 14:39:11: Peer 1006 has the optimistically unchoked neighbor [1004].
2023/12/03 14:39:16: Peer 1006 has the optimistically unchoked neighbor [1005].
2023/12/03 14:39:16: Peer 1006 has the preferred neighbors 1008, 1008, 1008
